{"/home/travis/build/npmtest/node-npmtest-workflow-4-node/test.js":{"path":"/home/travis/build/npmtest/node-npmtest-workflow-4-node/test.js","s":{"1":2,"2":2,"3":2,"4":2,"5":2,"6":2,"7":2,"8":1,"9":2,"10":2,"11":1,"12":1,"13":1,"14":1,"15":2,"16":2,"17":2,"18":2,"19":1,"20":1,"21":2,"22":2,"23":2,"24":1,"25":1,"26":1,"27":1,"28":1,"29":1,"30":1,"31":1,"32":1,"33":1,"34":1,"35":1,"36":1,"37":1,"38":1,"39":2,"40":2,"41":1,"42":2,"43":2,"44":1,"45":2,"46":2,"47":1,"48":2,"49":2,"50":1,"51":1,"52":1,"53":1,"54":1},"b":{"1":[2,1,1,1],"2":[1,1,1,1],"3":[1,1],"4":[1,1],"5":[1,1],"6":[1,1],"7":[1,1],"8":[1,1],"9":[1,1],"10":[1,1,1],"11":[1,1],"12":[1,1],"13":[1,1],"14":[1,1],"15":[1,1],"16":[1,1],"17":[1,1]},"f":{"1":2,"2":2,"3":2,"4":2,"5":2,"6":1,"7":1,"8":1,"9":2,"10":2,"11":2,"12":2,"13":1},"fnMap":{"1":{"name":"(anonymous_1)","line":12,"loc":{"start":{"line":12,"column":1},"end":{"line":12,"column":13}}},"2":{"name":"(anonymous_2)","line":19,"loc":{"start":{"line":19,"column":5},"end":{"line":19,"column":17}}},"3":{"name":"(anonymous_3)","line":23,"loc":{"start":{"line":23,"column":24},"end":{"line":23,"column":36}}},"4":{"name":"(anonymous_4)","line":61,"loc":{"start":{"line":61,"column":5},"end":{"line":61,"column":17}}},"5":{"name":"(anonymous_5)","line":82,"loc":{"start":{"line":82,"column":5},"end":{"line":82,"column":17}}},"6":{"name":"(anonymous_6)","line":91,"loc":{"start":{"line":91,"column":77},"end":{"line":94,"column":10}}},"7":{"name":"(anonymous_7)","line":112,"loc":{"start":{"line":112,"column":83},"end":{"line":115,"column":10}},"skip":true},"8":{"name":"(anonymous_8)","line":123,"loc":{"start":{"line":123,"column":77},"end":{"line":126,"column":10}},"skip":true},"9":{"name":"(anonymous_9)","line":139,"loc":{"start":{"line":139,"column":12},"end":{"line":139,"column":40}},"skip":true},"10":{"name":"(anonymous_10)","line":147,"loc":{"start":{"line":147,"column":77},"end":{"line":150,"column":10}},"skip":true},"11":{"name":"(anonymous_11)","line":158,"loc":{"start":{"line":158,"column":83},"end":{"line":161,"column":10}},"skip":true},"12":{"name":"(anonymous_12)","line":169,"loc":{"start":{"line":169,"column":79},"end":{"line":172,"column":10}},"skip":true},"13":{"name":"(anonymous_13)","line":180,"loc":{"start":{"line":180,"column":75},"end":{"line":183,"column":10}},"skip":true}},"statementMap":{"1":{"start":{"line":12,"column":0},"end":{"line":195,"column":5}},"2":{"start":{"line":14,"column":4},"end":{"line":14,"column":14}},"3":{"start":{"line":19,"column":4},"end":{"line":56,"column":9}},"4":{"start":{"line":21,"column":8},"end":{"line":21,"column":19}},"5":{"start":{"line":23,"column":8},"end":{"line":35,"column":13}},"6":{"start":{"line":24,"column":12},"end":{"line":34,"column":13}},"7":{"start":{"line":25,"column":16},"end":{"line":28,"column":30}},"8":{"start":{"line":30,"column":16},"end":{"line":33,"column":27}},"9":{"start":{"line":37,"column":8},"end":{"line":39,"column":21}},"10":{"start":{"line":40,"column":8},"end":{"line":53,"column":9}},"11":{"start":{"line":43,"column":12},"end":{"line":46,"column":14}},"12":{"start":{"line":47,"column":12},"end":{"line":47,"column":18}},"13":{"start":{"line":50,"column":12},"end":{"line":51,"column":46}},"14":{"start":{"line":52,"column":12},"end":{"line":52,"column":18}},"15":{"start":{"line":55,"column":8},"end":{"line":55,"column":35}},"16":{"start":{"line":61,"column":4},"end":{"line":63,"column":9}},"17":{"start":{"line":62,"column":8},"end":{"line":62,"column":15}},"18":{"start":{"line":64,"column":4},"end":{"line":77,"column":5}},"19":{"start":{"line":70,"column":8},"end":{"line":70,"column":14}},"20":{"start":{"line":76,"column":8},"end":{"line":76,"column":14}},"21":{"start":{"line":82,"column":4},"end":{"line":84,"column":9}},"22":{"start":{"line":83,"column":8},"end":{"line":83,"column":15}},"23":{"start":{"line":85,"column":4},"end":{"line":194,"column":5}},"24":{"start":{"line":91,"column":8},"end":{"line":99,"column":10}},"25":{"start":{"line":98,"column":12},"end":{"line":98,"column":35}},"26":{"start":{"line":102,"column":8},"end":{"line":104,"column":63}},"27":{"start":{"line":105,"column":8},"end":{"line":105,"column":14}},"28":{"start":{"line":112,"column":8},"end":{"line":121,"column":10},"skip":true},"29":{"start":{"line":119,"column":12},"end":{"line":119,"column":55},"skip":true},"30":{"start":{"line":120,"column":12},"end":{"line":120,"column":48},"skip":true},"31":{"start":{"line":123,"column":8},"end":{"line":136,"column":10},"skip":true},"32":{"start":{"line":130,"column":12},"end":{"line":130,"column":76},"skip":true},"33":{"start":{"line":131,"column":12},"end":{"line":131,"column":73},"skip":true},"34":{"start":{"line":132,"column":12},"end":{"line":132,"column":74},"skip":true},"35":{"start":{"line":133,"column":12},"end":{"line":133,"column":79},"skip":true},"36":{"start":{"line":134,"column":12},"end":{"line":134,"column":25},"skip":true},"37":{"start":{"line":135,"column":12},"end":{"line":135,"column":45},"skip":true},"38":{"start":{"line":138,"column":8},"end":{"line":145,"column":14},"skip":true},"39":{"start":{"line":143,"column":16},"end":{"line":143,"column":29},"skip":true},"40":{"start":{"line":144,"column":16},"end":{"line":144,"column":55},"skip":true},"41":{"start":{"line":147,"column":8},"end":{"line":156,"column":10},"skip":true},"42":{"start":{"line":154,"column":12},"end":{"line":154,"column":25},"skip":true},"43":{"start":{"line":155,"column":12},"end":{"line":155,"column":45},"skip":true},"44":{"start":{"line":158,"column":8},"end":{"line":167,"column":10},"skip":true},"45":{"start":{"line":165,"column":12},"end":{"line":165,"column":25},"skip":true},"46":{"start":{"line":166,"column":12},"end":{"line":166,"column":48},"skip":true},"47":{"start":{"line":169,"column":8},"end":{"line":178,"column":10},"skip":true},"48":{"start":{"line":176,"column":12},"end":{"line":176,"column":25},"skip":true},"49":{"start":{"line":177,"column":12},"end":{"line":177,"column":46},"skip":true},"50":{"start":{"line":180,"column":8},"end":{"line":189,"column":10},"skip":true},"51":{"start":{"line":187,"column":12},"end":{"line":187,"column":94},"skip":true},"52":{"start":{"line":188,"column":12},"end":{"line":188,"column":48},"skip":true},"53":{"start":{"line":192,"column":8},"end":{"line":192,"column":35},"skip":true},"54":{"start":{"line":193,"column":8},"end":{"line":193,"column":14},"skip":true}},"branchMap":{"1":{"line":25,"type":"binary-expr","locations":[{"start":{"line":25,"column":23},"end":{"line":25,"column":62}},{"start":{"line":26,"column":20},"end":{"line":26,"column":70}},{"start":{"line":27,"column":20},"end":{"line":27,"column":71}},{"start":{"line":28,"column":20},"end":{"line":28,"column":29}}]},"2":{"line":30,"type":"binary-expr","locations":[{"start":{"line":30,"column":23},"end":{"line":30,"column":37}},{"start":{"line":31,"column":20},"end":{"line":31,"column":61}},{"start":{"line":32,"column":20},"end":{"line":32,"column":70}},{"start":{"line":33,"column":20},"end":{"line":33,"column":26}}]},"3":{"line":37,"type":"cond-expr","locations":[{"start":{"line":38,"column":14},"end":{"line":38,"column":20}},{"start":{"line":39,"column":14},"end":{"line":39,"column":20}}]},"4":{"line":40,"type":"switch","locations":[{"start":{"line":42,"column":8},"end":{"line":47,"column":18}},{"start":{"line":49,"column":8},"end":{"line":52,"column":18}}]},"5":{"line":44,"type":"binary-expr","locations":[{"start":{"line":44,"column":16},"end":{"line":44,"column":44}},{"start":{"line":44,"column":48},"end":{"line":44,"column":66}}]},"6":{"line":50,"type":"binary-expr","locations":[{"start":{"line":50,"column":21},"end":{"line":50,"column":49}},{"start":{"line":50,"column":53},"end":{"line":50,"column":72}}]},"7":{"line":64,"type":"switch","locations":[{"start":{"line":69,"column":4},"end":{"line":70,"column":14}},{"start":{"line":75,"column":4},"end":{"line":76,"column":14}}]},"8":{"line":85,"type":"switch","locations":[{"start":{"line":90,"column":4},"end":{"line":105,"column":14}},{"start":{"line":111,"column":4},"end":{"line":193,"column":14},"skip":true}]},"9":{"line":91,"type":"binary-expr","locations":[{"start":{"line":91,"column":42},"end":{"line":91,"column":73}},{"start":{"line":91,"column":77},"end":{"line":99,"column":9}}]},"10":{"line":102,"type":"binary-expr","locations":[{"start":{"line":102,"column":18},"end":{"line":102,"column":32}},{"start":{"line":103,"column":12},"end":{"line":103,"column":53}},{"start":{"line":104,"column":12},"end":{"line":104,"column":61}}]},"11":{"line":112,"type":"binary-expr","locations":[{"start":{"line":112,"column":45},"end":{"line":112,"column":79},"skip":true},{"start":{"line":112,"column":83},"end":{"line":121,"column":9},"skip":true}]},"12":{"line":123,"type":"binary-expr","locations":[{"start":{"line":123,"column":42},"end":{"line":123,"column":73},"skip":true},{"start":{"line":123,"column":77},"end":{"line":136,"column":9},"skip":true}]},"13":{"line":138,"type":"binary-expr","locations":[{"start":{"line":138,"column":48},"end":{"line":138,"column":85},"skip":true},{"start":{"line":139,"column":12},"end":{"line":145,"column":13},"skip":true}]},"14":{"line":147,"type":"binary-expr","locations":[{"start":{"line":147,"column":42},"end":{"line":147,"column":73},"skip":true},{"start":{"line":147,"column":77},"end":{"line":156,"column":9},"skip":true}]},"15":{"line":158,"type":"binary-expr","locations":[{"start":{"line":158,"column":45},"end":{"line":158,"column":79},"skip":true},{"start":{"line":158,"column":83},"end":{"line":167,"column":9},"skip":true}]},"16":{"line":169,"type":"binary-expr","locations":[{"start":{"line":169,"column":43},"end":{"line":169,"column":75},"skip":true},{"start":{"line":169,"column":79},"end":{"line":178,"column":9},"skip":true}]},"17":{"line":180,"type":"binary-expr","locations":[{"start":{"line":180,"column":41},"end":{"line":180,"column":71},"skip":true},{"start":{"line":180,"column":75},"end":{"line":189,"column":9},"skip":true}]}},"code":["/* istanbul instrument in package npmtest_workflow_4_node */","/*jslint","    bitwise: true,","    browser: true,","    maxerr: 8,","    maxlen: 96,","    node: true,","    nomen: true,","    regexp: true,","    stupid: true","*/","(function () {","    'use strict';","    var local;","","","","    // run shared js-env code - pre-init","    (function () {","        // init local","        local = {};","        // init modeJs","        local.modeJs = (function () {","            try {","                return typeof navigator.userAgent === 'string' &&","                    typeof document.querySelector('body') === 'object' &&","                    typeof XMLHttpRequest.prototype.open === 'function' &&","                    'browser';","            } catch (errorCaughtBrowser) {","                return module.exports &&","                    typeof process.versions.node === 'string' &&","                    typeof require('http').createServer === 'function' &&","                    'node';","            }","        }());","        // init global","        local.global = local.modeJs === 'browser'","            ? window","            : global;","        switch (local.modeJs) {","        // re-init local from window.local","        case 'browser':","            local = local.global.utility2.objectSetDefault(","                local.global.utility2_rollup || local.global.local,","                local.global.utility2","            );","            break;","        // re-init local from example.js","        case 'node':","            local = (local.global.utility2_rollup || require('utility2'))","                .requireExampleJsFromReadme();","            break;","        }","        // export local","        local.global.local = local;","    }());","","","","    // run shared js-env code - function","    (function () {","        return;","    }());","    switch (local.modeJs) {","","","","    // run browser js-env code - function","    case 'browser':","        break;","","","","    // run node js-env code - function","    case 'node':","        break;","    }","","","","    // run shared js-env code - post-init","    (function () {","        return;","    }());","    switch (local.modeJs) {","","","","    // run browser js-env code - post-init","    case 'browser':","        local.testCase_browser_nullCase = local.testCase_browser_nullCase || function (","            options,","            onError","        ) {","        /*","         * this function will test browsers's null-case handling-behavior-behavior","         */","            onError(null, options);","        };","","        // run tests","        local.nop(local.modeTest &&","            document.querySelector('#testRunButton1') &&","            document.querySelector('#testRunButton1').click());","        break;","","","","    // run node js-env code - post-init","    /* istanbul ignore next */","    case 'node':","        local.testCase_buildApidoc_default = local.testCase_buildApidoc_default || function (","            options,","            onError","        ) {","        /*","         * this function will test buildApidoc's default handling-behavior-behavior","         */","            options = { modulePathList: module.paths };","            local.buildApidoc(options, onError);","        };","","        local.testCase_buildApp_default = local.testCase_buildApp_default || function (","            options,","            onError","        ) {","        /*","         * this function will test buildApp's default handling-behavior-behavior","         */","            local.testCase_buildReadme_default(options, local.onErrorThrow);","            local.testCase_buildLib_default(options, local.onErrorThrow);","            local.testCase_buildTest_default(options, local.onErrorThrow);","            local.testCase_buildCustomOrg_default(options, local.onErrorThrow);","            options = [];","            local.buildApp(options, onError);","        };","","        local.testCase_buildCustomOrg_default = local.testCase_buildCustomOrg_default ||","            function (options, onError) {","            /*","             * this function will test buildCustomOrg's default handling-behavior","             */","                options = {};","                local.buildCustomOrg(options, onError);","            };","","        local.testCase_buildLib_default = local.testCase_buildLib_default || function (","            options,","            onError","        ) {","        /*","         * this function will test buildLib's default handling-behavior","         */","            options = {};","            local.buildLib(options, onError);","        };","","        local.testCase_buildReadme_default = local.testCase_buildReadme_default || function (","            options,","            onError","        ) {","        /*","         * this function will test buildReadme's default handling-behavior-behavior","         */","            options = {};","            local.buildReadme(options, onError);","        };","","        local.testCase_buildTest_default = local.testCase_buildTest_default || function (","            options,","            onError","        ) {","        /*","         * this function will test buildTest's default handling-behavior","         */","            options = {};","            local.buildTest(options, onError);","        };","","        local.testCase_webpage_default = local.testCase_webpage_default || function (","            options,","            onError","        ) {","        /*","         * this function will test webpage's default handling-behavior","         */","            options = { modeCoverageMerge: true, url: local.serverLocalHost + '?modeTest=1' };","            local.browserTest(options, onError);","        };","","        // run test-server","        local.testRunServer(local);","        break;","    }","}());",""],"l":{"12":2,"14":2,"19":2,"21":2,"23":2,"24":2,"25":2,"30":1,"37":2,"40":2,"43":1,"47":1,"50":1,"52":1,"55":2,"61":2,"62":2,"64":2,"70":1,"76":1,"82":2,"83":2,"85":2,"91":1,"98":1,"102":1,"105":1,"112":1,"119":1,"120":1,"123":1,"130":1,"131":1,"132":1,"133":1,"134":1,"135":1,"138":1,"143":2,"144":2,"147":1,"154":2,"155":2,"158":1,"165":2,"166":2,"169":1,"176":2,"177":2,"180":1,"187":1,"188":1,"192":1,"193":1}},"/home/travis/build/npmtest/node-npmtest-workflow-4-node/lib.npmtest_workflow_4_node.js":{"path":"/home/travis/build/npmtest/node-npmtest-workflow-4-node/lib.npmtest_workflow_4_node.js","s":{"1":2,"2":2,"3":2,"4":2,"5":2,"6":2,"7":2,"8":1,"9":2,"10":2,"11":2,"12":2,"13":1,"14":1,"15":1,"16":1},"b":{"1":[2,1,1,1],"2":[1,1,1,1],"3":[1,1],"4":[2,2],"5":[1,1]},"f":{"1":2,"2":2,"3":2},"fnMap":{"1":{"name":"(anonymous_1)","line":12,"loc":{"start":{"line":12,"column":1},"end":{"line":12,"column":13}}},"2":{"name":"(anonymous_2)","line":19,"loc":{"start":{"line":19,"column":5},"end":{"line":19,"column":17}}},"3":{"name":"(anonymous_3)","line":23,"loc":{"start":{"line":23,"column":24},"end":{"line":23,"column":36}}}},"statementMap":{"1":{"start":{"line":12,"column":0},"end":{"line":53,"column":5}},"2":{"start":{"line":14,"column":4},"end":{"line":14,"column":14}},"3":{"start":{"line":19,"column":4},"end":{"line":52,"column":9}},"4":{"start":{"line":21,"column":8},"end":{"line":21,"column":19}},"5":{"start":{"line":23,"column":8},"end":{"line":35,"column":13}},"6":{"start":{"line":24,"column":12},"end":{"line":34,"column":13}},"7":{"start":{"line":25,"column":16},"end":{"line":28,"column":30}},"8":{"start":{"line":30,"column":16},"end":{"line":33,"column":27}},"9":{"start":{"line":37,"column":8},"end":{"line":39,"column":21}},"10":{"start":{"line":41,"column":8},"end":{"line":41,"column":54}},"11":{"start":{"line":43,"column":8},"end":{"line":43,"column":60}},"12":{"start":{"line":45,"column":8},"end":{"line":51,"column":9}},"13":{"start":{"line":46,"column":12},"end":{"line":46,"column":66}},"14":{"start":{"line":48,"column":12},"end":{"line":48,"column":35}},"15":{"start":{"line":49,"column":12},"end":{"line":49,"column":49}},"16":{"start":{"line":50,"column":12},"end":{"line":50,"column":43}}},"branchMap":{"1":{"line":25,"type":"binary-expr","locations":[{"start":{"line":25,"column":23},"end":{"line":25,"column":62}},{"start":{"line":26,"column":20},"end":{"line":26,"column":70}},{"start":{"line":27,"column":20},"end":{"line":27,"column":71}},{"start":{"line":28,"column":20},"end":{"line":28,"column":29}}]},"2":{"line":30,"type":"binary-expr","locations":[{"start":{"line":30,"column":23},"end":{"line":30,"column":37}},{"start":{"line":31,"column":20},"end":{"line":31,"column":61}},{"start":{"line":32,"column":20},"end":{"line":32,"column":70}},{"start":{"line":33,"column":20},"end":{"line":33,"column":26}}]},"3":{"line":37,"type":"cond-expr","locations":[{"start":{"line":38,"column":14},"end":{"line":38,"column":20}},{"start":{"line":39,"column":14},"end":{"line":39,"column":20}}]},"4":{"line":41,"type":"binary-expr","locations":[{"start":{"line":41,"column":16},"end":{"line":41,"column":44}},{"start":{"line":41,"column":48},"end":{"line":41,"column":53}}]},"5":{"line":45,"type":"if","locations":[{"start":{"line":45,"column":8},"end":{"line":45,"column":8}},{"start":{"line":45,"column":8},"end":{"line":45,"column":8}}]}},"code":["/* istanbul instrument in package npmtest_workflow_4_node */","/*jslint","    bitwise: true,","    browser: true,","    maxerr: 8,","    maxlen: 96,","    node: true,","    nomen: true,","    regexp: true,","    stupid: true","*/","(function () {","    'use strict';","    var local;","","","","    // run shared js-env code - pre-init","    (function () {","        // init local","        local = {};","        // init modeJs","        local.modeJs = (function () {","            try {","                return typeof navigator.userAgent === 'string' &&","                    typeof document.querySelector('body') === 'object' &&","                    typeof XMLHttpRequest.prototype.open === 'function' &&","                    'browser';","            } catch (errorCaughtBrowser) {","                return module.exports &&","                    typeof process.versions.node === 'string' &&","                    typeof require('http').createServer === 'function' &&","                    'node';","            }","        }());","        // init global","        local.global = local.modeJs === 'browser'","            ? window","            : global;","        // init utility2_rollup","        local = local.global.utility2_rollup || local;","        // init lib","        local.local = local.npmtest_workflow_4_node = local;","        // init exports","        if (local.modeJs === 'browser') {","            local.global.utility2_npmtest_workflow_4_node = local;","        } else {","            module.exports = local;","            module.exports.__dirname = __dirname;","            module.exports.module = module;","        }","    }());","}());",""],"l":{"12":2,"14":2,"19":2,"21":2,"23":2,"24":2,"25":2,"30":1,"37":2,"41":2,"43":2,"45":2,"46":1,"48":1,"49":1,"50":1}},"/home/travis/build/npmtest/node-npmtest-workflow-4-node/example.js":{"path":"/home/travis/build/npmtest/node-npmtest-workflow-4-node/example.js","s":{"1":2,"2":2,"3":2,"4":2,"5":2,"6":2,"7":2,"8":1,"9":2,"10":2,"11":2,"12":2,"13":1,"14":2,"15":2,"16":2,"17":2,"18":2,"19":0,"20":2,"21":1,"22":1,"23":1,"24":1,"25":1,"26":0,"27":0,"28":1,"29":1,"30":2,"31":0,"32":0,"33":0,"34":1,"35":2,"36":2,"37":3,"38":3,"39":3,"40":3,"41":0,"42":3,"43":3,"44":3,"45":1,"46":3,"47":1,"48":1,"49":1,"50":1,"51":1,"52":1,"53":1,"54":1,"55":1,"56":1,"57":0,"58":1,"59":6,"60":6,"61":1,"62":2,"63":0,"64":2,"65":1,"66":1,"67":0,"68":0,"69":0,"70":0,"71":0,"72":0,"73":0,"74":0,"75":0,"76":0,"77":0,"78":0,"79":0,"80":0,"81":0,"82":0,"83":0},"b":{"1":[2,1,1,1],"2":[1,1,1,1],"3":[1,1],"4":[2,2],"5":[1,1],"6":[1,1],"7":[2,0],"8":[2,1,1,1,1,1],"9":[0,2,0],"10":[1,1],"11":[2,1,1],"12":[1,0],"13":[0,2],"14":[2,0,0,0,0,0,0],"15":[0,3],"16":[3,0],"17":[1,1],"18":[0,1],"19":[1,2,0,2],"20":[1,0],"21":[1,1],"22":[0,0],"23":[0,0],"24":[0,0],"25":[0,0],"26":[0,0],"27":[0,0],"28":[0,0]},"f":{"1":2,"2":2,"3":2,"4":2,"5":2,"6":2,"7":3,"8":3,"9":3,"10":1,"11":6,"12":0},"fnMap":{"1":{"name":"(anonymous_1)","line":26,"loc":{"start":{"line":26,"column":1},"end":{"line":26,"column":13}}},"2":{"name":"(anonymous_2)","line":33,"loc":{"start":{"line":33,"column":5},"end":{"line":33,"column":17}}},"3":{"name":"(anonymous_3)","line":37,"loc":{"start":{"line":37,"column":24},"end":{"line":37,"column":36}}},"4":{"name":"(anonymous_4)","line":69,"loc":{"start":{"line":69,"column":31},"end":{"line":69,"column":48}},"skip":true},"5":{"name":"(anonymous_5)","line":78,"loc":{"start":{"line":78,"column":26},"end":{"line":78,"column":45}},"skip":true},"6":{"name":"(anonymous_6)","line":123,"loc":{"start":{"line":123,"column":33},"end":{"line":123,"column":48}},"skip":true},"7":{"name":"(anonymous_7)","line":125,"loc":{"start":{"line":125,"column":27},"end":{"line":125,"column":39}},"skip":true},"8":{"name":"(anonymous_8)","line":133,"loc":{"start":{"line":133,"column":59},"end":{"line":133,"column":74}},"skip":true},"9":{"name":"(anonymous_9)","line":143,"loc":{"start":{"line":143,"column":45},"end":{"line":143,"column":62}},"skip":true},"10":{"name":"(anonymous_10)","line":144,"loc":{"start":{"line":144,"column":73},"end":{"line":144,"column":92}},"skip":true},"11":{"name":"(anonymous_11)","line":272,"loc":{"start":{"line":272,"column":51},"end":{"line":272,"column":77}},"skip":true},"12":{"name":"(anonymous_12)","line":314,"loc":{"start":{"line":314,"column":32},"end":{"line":314,"column":61}},"skip":true}},"statementMap":{"1":{"start":{"line":26,"column":0},"end":{"line":325,"column":5}},"2":{"start":{"line":28,"column":4},"end":{"line":28,"column":14}},"3":{"start":{"line":33,"column":4},"end":{"line":60,"column":9}},"4":{"start":{"line":35,"column":8},"end":{"line":35,"column":19}},"5":{"start":{"line":37,"column":8},"end":{"line":49,"column":13}},"6":{"start":{"line":38,"column":12},"end":{"line":48,"column":13}},"7":{"start":{"line":39,"column":16},"end":{"line":42,"column":30}},"8":{"start":{"line":44,"column":16},"end":{"line":47,"column":27}},"9":{"start":{"line":51,"column":8},"end":{"line":53,"column":21}},"10":{"start":{"line":55,"column":8},"end":{"line":57,"column":45}},"11":{"start":{"line":59,"column":8},"end":{"line":59,"column":35}},"12":{"start":{"line":61,"column":4},"end":{"line":324,"column":5}},"13":{"start":{"line":69,"column":8},"end":{"line":121,"column":10},"skip":true},"14":{"start":{"line":70,"column":12},"end":{"line":88,"column":13},"skip":true},"15":{"start":{"line":76,"column":16},"end":{"line":87,"column":19},"skip":true},"16":{"start":{"line":79,"column":20},"end":{"line":86,"column":21},"skip":true},"17":{"start":{"line":82,"column":24},"end":{"line":82,"column":43},"skip":true},"18":{"start":{"line":83,"column":24},"end":{"line":83,"column":30},"skip":true},"19":{"start":{"line":85,"column":24},"end":{"line":85,"column":49},"skip":true},"20":{"start":{"line":89,"column":12},"end":{"line":107,"column":13},"skip":true},"21":{"start":{"line":92,"column":16},"end":{"line":102,"column":17},"skip":true},"22":{"start":{"line":93,"column":20},"end":{"line":93,"column":86},"skip":true},"23":{"start":{"line":94,"column":20},"end":{"line":95,"column":45},"skip":true},"24":{"start":{"line":96,"column":20},"end":{"line":96,"column":42},"skip":true},"25":{"start":{"line":97,"column":20},"end":{"line":97,"column":48},"skip":true},"26":{"start":{"line":100,"column":20},"end":{"line":100,"column":85},"skip":true},"27":{"start":{"line":101,"column":20},"end":{"line":101,"column":96},"skip":true},"28":{"start":{"line":103,"column":16},"end":{"line":103,"column":22},"skip":true},"29":{"start":{"line":106,"column":16},"end":{"line":106,"column":22},"skip":true},"30":{"start":{"line":108,"column":12},"end":{"line":120,"column":13},"skip":true},"31":{"start":{"line":114,"column":16},"end":{"line":119,"column":17},"skip":true},"32":{"start":{"line":116,"column":20},"end":{"line":116,"column":78},"skip":true},"33":{"start":{"line":118,"column":20},"end":{"line":118,"column":47},"skip":true},"34":{"start":{"line":123,"column":8},"end":{"line":141,"column":11},"skip":true},"35":{"start":{"line":124,"column":12},"end":{"line":124,"column":54},"skip":true},"36":{"start":{"line":125,"column":12},"end":{"line":140,"column":14},"skip":true},"37":{"start":{"line":126,"column":16},"end":{"line":126,"column":28},"skip":true},"38":{"start":{"line":127,"column":16},"end":{"line":127,"column":69},"skip":true},"39":{"start":{"line":128,"column":16},"end":{"line":128,"column":75},"skip":true},"40":{"start":{"line":129,"column":16},"end":{"line":131,"column":17},"skip":true},"41":{"start":{"line":130,"column":20},"end":{"line":130,"column":27},"skip":true},"42":{"start":{"line":133,"column":16},"end":{"line":137,"column":36},"skip":true},"43":{"start":{"line":134,"column":20},"end":{"line":136,"column":55},"skip":true},"44":{"start":{"line":139,"column":16},"end":{"line":139,"column":57},"skip":true},"45":{"start":{"line":143,"column":8},"end":{"line":147,"column":11},"skip":true},"46":{"start":{"line":144,"column":12},"end":{"line":146,"column":15},"skip":true},"47":{"start":{"line":145,"column":16},"end":{"line":145,"column":70},"skip":true},"48":{"start":{"line":149,"column":8},"end":{"line":149,"column":31},"skip":true},"49":{"start":{"line":150,"column":8},"end":{"line":150,"column":14},"skip":true},"50":{"start":{"line":158,"column":8},"end":{"line":158,"column":31},"skip":true},"51":{"start":{"line":160,"column":8},"end":{"line":160,"column":33},"skip":true},"52":{"start":{"line":161,"column":8},"end":{"line":161,"column":37},"skip":true},"53":{"start":{"line":162,"column":8},"end":{"line":162,"column":35},"skip":true},"54":{"start":{"line":164,"column":8},"end":{"line":164,"column":50},"skip":true},"55":{"start":{"line":166,"column":8},"end":{"line":256,"column":2},"skip":true},"56":{"start":{"line":258,"column":8},"end":{"line":286,"column":9},"skip":true},"57":{"start":{"line":259,"column":12},"end":{"line":269,"column":14},"skip":true},"58":{"start":{"line":271,"column":12},"end":{"line":285,"column":19},"skip":true},"59":{"start":{"line":274,"column":20},"end":{"line":274,"column":35},"skip":true},"60":{"start":{"line":275,"column":20},"end":{"line":284,"column":21},"skip":true},"61":{"start":{"line":277,"column":24},"end":{"line":277,"column":64},"skip":true},"62":{"start":{"line":279,"column":24},"end":{"line":279,"column":40},"skip":true},"63":{"start":{"line":281,"column":24},"end":{"line":281,"column":40},"skip":true},"64":{"start":{"line":283,"column":24},"end":{"line":283,"column":39},"skip":true},"65":{"start":{"line":288,"column":8},"end":{"line":290,"column":9},"skip":true},"66":{"start":{"line":289,"column":12},"end":{"line":289,"column":18},"skip":true},"67":{"start":{"line":291,"column":8},"end":{"line":293,"column":54},"skip":true},"68":{"start":{"line":294,"column":8},"end":{"line":301,"column":37},"skip":true},"69":{"start":{"line":302,"column":8},"end":{"line":302,"column":82},"skip":true},"70":{"start":{"line":305,"column":8},"end":{"line":307,"column":9},"skip":true},"71":{"start":{"line":306,"column":12},"end":{"line":306,"column":82},"skip":true},"72":{"start":{"line":309,"column":8},"end":{"line":311,"column":9},"skip":true},"73":{"start":{"line":310,"column":12},"end":{"line":310,"column":18},"skip":true},"74":{"start":{"line":312,"column":8},"end":{"line":312,"column":54},"skip":true},"75":{"start":{"line":313,"column":8},"end":{"line":313,"column":69},"skip":true},"76":{"start":{"line":314,"column":8},"end":{"line":322,"column":36},"skip":true},"77":{"start":{"line":315,"column":12},"end":{"line":315,"column":61},"skip":true},"78":{"start":{"line":316,"column":12},"end":{"line":319,"column":13},"skip":true},"79":{"start":{"line":317,"column":16},"end":{"line":317,"column":75},"skip":true},"80":{"start":{"line":318,"column":16},"end":{"line":318,"column":23},"skip":true},"81":{"start":{"line":320,"column":12},"end":{"line":320,"column":38},"skip":true},"82":{"start":{"line":321,"column":12},"end":{"line":321,"column":27},"skip":true},"83":{"start":{"line":323,"column":8},"end":{"line":323,"column":14},"skip":true}},"branchMap":{"1":{"line":39,"type":"binary-expr","locations":[{"start":{"line":39,"column":23},"end":{"line":39,"column":62}},{"start":{"line":40,"column":20},"end":{"line":40,"column":70}},{"start":{"line":41,"column":20},"end":{"line":41,"column":71}},{"start":{"line":42,"column":20},"end":{"line":42,"column":29}}]},"2":{"line":44,"type":"binary-expr","locations":[{"start":{"line":44,"column":23},"end":{"line":44,"column":37}},{"start":{"line":45,"column":20},"end":{"line":45,"column":61}},{"start":{"line":46,"column":20},"end":{"line":46,"column":70}},{"start":{"line":47,"column":20},"end":{"line":47,"column":26}}]},"3":{"line":51,"type":"cond-expr","locations":[{"start":{"line":52,"column":14},"end":{"line":52,"column":20}},{"start":{"line":53,"column":14},"end":{"line":53,"column":20}}]},"4":{"line":55,"type":"binary-expr","locations":[{"start":{"line":55,"column":16},"end":{"line":55,"column":44}},{"start":{"line":55,"column":49},"end":{"line":57,"column":43}}]},"5":{"line":55,"type":"cond-expr","locations":[{"start":{"line":56,"column":14},"end":{"line":56,"column":59}},{"start":{"line":57,"column":14},"end":{"line":57,"column":43}}]},"6":{"line":61,"type":"switch","locations":[{"start":{"line":68,"column":4},"end":{"line":150,"column":14},"skip":true},{"start":{"line":156,"column":4},"end":{"line":323,"column":14},"skip":true}]},"7":{"line":70,"type":"if","locations":[{"start":{"line":70,"column":12},"end":{"line":70,"column":12},"skip":true},{"start":{"line":70,"column":12},"end":{"line":70,"column":12},"skip":true}]},"8":{"line":70,"type":"binary-expr","locations":[{"start":{"line":70,"column":16},"end":{"line":70,"column":22},"skip":true},{"start":{"line":70,"column":27},"end":{"line":70,"column":32},"skip":true},{"start":{"line":71,"column":20},"end":{"line":71,"column":39},"skip":true},{"start":{"line":72,"column":20},"end":{"line":72,"column":49},"skip":true},{"start":{"line":73,"column":20},"end":{"line":73,"column":58},"skip":true},{"start":{"line":74,"column":20},"end":{"line":74,"column":69},"skip":true}]},"9":{"line":79,"type":"switch","locations":[{"start":{"line":80,"column":20},"end":{"line":80,"column":33},"skip":true},{"start":{"line":81,"column":20},"end":{"line":83,"column":30},"skip":true},{"start":{"line":84,"column":20},"end":{"line":85,"column":49},"skip":true}]},"10":{"line":89,"type":"switch","locations":[{"start":{"line":90,"column":12},"end":{"line":103,"column":22},"skip":true},{"start":{"line":105,"column":12},"end":{"line":106,"column":22},"skip":true}]},"11":{"line":89,"type":"binary-expr","locations":[{"start":{"line":89,"column":20},"end":{"line":89,"column":25},"skip":true},{"start":{"line":89,"column":29},"end":{"line":89,"column":48},"skip":true},{"start":{"line":89,"column":52},"end":{"line":89,"column":74},"skip":true}]},"12":{"line":92,"type":"if","locations":[{"start":{"line":92,"column":16},"end":{"line":92,"column":16},"skip":true},{"start":{"line":92,"column":16},"end":{"line":92,"column":16},"skip":true}]},"13":{"line":108,"type":"if","locations":[{"start":{"line":108,"column":12},"end":{"line":108,"column":12},"skip":true},{"start":{"line":108,"column":12},"end":{"line":108,"column":12},"skip":true}]},"14":{"line":108,"type":"binary-expr","locations":[{"start":{"line":108,"column":16},"end":{"line":108,"column":61},"skip":true},{"start":{"line":108,"column":66},"end":{"line":108,"column":72},"skip":true},{"start":{"line":108,"column":77},"end":{"line":108,"column":82},"skip":true},{"start":{"line":109,"column":20},"end":{"line":109,"column":39},"skip":true},{"start":{"line":110,"column":20},"end":{"line":110,"column":49},"skip":true},{"start":{"line":111,"column":20},"end":{"line":111,"column":58},"skip":true},{"start":{"line":112,"column":20},"end":{"line":112,"column":68},"skip":true}]},"15":{"line":129,"type":"if","locations":[{"start":{"line":129,"column":16},"end":{"line":129,"column":16},"skip":true},{"start":{"line":129,"column":16},"end":{"line":129,"column":16},"skip":true}]},"16":{"line":134,"type":"cond-expr","locations":[{"start":{"line":135,"column":26},"end":{"line":135,"column":29},"skip":true},{"start":{"line":136,"column":26},"end":{"line":136,"column":54},"skip":true}]},"17":{"line":164,"type":"binary-expr","locations":[{"start":{"line":164,"column":27},"end":{"line":164,"column":43},"skip":true},{"start":{"line":164,"column":47},"end":{"line":164,"column":49},"skip":true}]},"18":{"line":258,"type":"if","locations":[{"start":{"line":258,"column":8},"end":{"line":258,"column":8},"skip":true},{"start":{"line":258,"column":8},"end":{"line":258,"column":8},"skip":true}]},"19":{"line":275,"type":"switch","locations":[{"start":{"line":276,"column":20},"end":{"line":277,"column":64},"skip":true},{"start":{"line":278,"column":20},"end":{"line":279,"column":40},"skip":true},{"start":{"line":280,"column":20},"end":{"line":281,"column":40},"skip":true},{"start":{"line":282,"column":20},"end":{"line":283,"column":39},"skip":true}]},"20":{"line":288,"type":"if","locations":[{"start":{"line":288,"column":8},"end":{"line":288,"column":8},"skip":true},{"start":{"line":288,"column":8},"end":{"line":288,"column":8},"skip":true}]},"21":{"line":288,"type":"binary-expr","locations":[{"start":{"line":288,"column":12},"end":{"line":288,"column":40},"skip":true},{"start":{"line":288,"column":44},"end":{"line":288,"column":67},"skip":true}]},"22":{"line":292,"type":"binary-expr","locations":[{"start":{"line":292,"column":12},"end":{"line":292,"column":50},"skip":true},{"start":{"line":293,"column":12},"end":{"line":293,"column":53},"skip":true}]},"23":{"line":295,"type":"binary-expr","locations":[{"start":{"line":295,"column":12},"end":{"line":295,"column":73},"skip":true},{"start":{"line":296,"column":12},"end":{"line":301,"column":36},"skip":true}]},"24":{"line":302,"type":"binary-expr","locations":[{"start":{"line":302,"column":43},"end":{"line":302,"column":75},"skip":true},{"start":{"line":302,"column":79},"end":{"line":302,"column":81},"skip":true}]},"25":{"line":305,"type":"if","locations":[{"start":{"line":305,"column":8},"end":{"line":305,"column":8},"skip":true},{"start":{"line":305,"column":8},"end":{"line":305,"column":8},"skip":true}]},"26":{"line":309,"type":"if","locations":[{"start":{"line":309,"column":8},"end":{"line":309,"column":8},"skip":true},{"start":{"line":309,"column":8},"end":{"line":309,"column":8},"skip":true}]},"27":{"line":312,"type":"binary-expr","locations":[{"start":{"line":312,"column":27},"end":{"line":312,"column":43},"skip":true},{"start":{"line":312,"column":47},"end":{"line":312,"column":53},"skip":true}]},"28":{"line":316,"type":"if","locations":[{"start":{"line":316,"column":12},"end":{"line":316,"column":12},"skip":true},{"start":{"line":316,"column":12},"end":{"line":316,"column":12},"skip":true}]}},"code":["/*","example.js","","quickstart example","","instruction","    1. save this script as example.js","    2. run the shell command:","        $ npm install npmtest-workflow-4-node && PORT=8081 node example.js","    3. play with the browser-demo on http://127.0.0.1:8081","*/","","","","/* istanbul instrument in package npmtest_workflow_4_node */","/*jslint","    bitwise: true,","    browser: true,","    maxerr: 8,","    maxlen: 96,","    node: true,","    nomen: true,","    regexp: true,","    stupid: true","*/","(function () {","    'use strict';","    var local;","","","","    // run shared js-env code - pre-init","    (function () {","        // init local","        local = {};","        // init modeJs","        local.modeJs = (function () {","            try {","                return typeof navigator.userAgent === 'string' &&","                    typeof document.querySelector('body') === 'object' &&","                    typeof XMLHttpRequest.prototype.open === 'function' &&","                    'browser';","            } catch (errorCaughtBrowser) {","                return module.exports &&","                    typeof process.versions.node === 'string' &&","                    typeof require('http').createServer === 'function' &&","                    'node';","            }","        }());","        // init global","        local.global = local.modeJs === 'browser'","            ? window","            : global;","        // init utility2_rollup","        local = local.global.utility2_rollup || (local.modeJs === 'browser'","            ? local.global.utility2_npmtest_workflow_4_node","            : global.utility2_moduleExports);","        // export local","        local.global.local = local;","    }());","    switch (local.modeJs) {","","","","    // post-init","    // run browser js-env code - post-init","    /* istanbul ignore next */","    case 'browser':","        local.testRunBrowser = function (event) {","            if (!event || (event &&","                    event.currentTarget &&","                    event.currentTarget.className &&","                    event.currentTarget.className.includes &&","                    event.currentTarget.className.includes('onreset'))) {","                // reset output","                Array.from(","                    document.querySelectorAll('body > .resettable')","                ).forEach(function (element) {","                    switch (element.tagName) {","                    case 'INPUT':","                    case 'TEXTAREA':","                        element.value = '';","                        break;","                    default:","                        element.textContent = '';","                    }","                });","            }","            switch (event && event.currentTarget && event.currentTarget.id) {","            case 'testRunButton1':","                // show tests","                if (document.querySelector('#testReportDiv1').style.display === 'none') {","                    document.querySelector('#testReportDiv1').style.display = 'block';","                    document.querySelector('#testRunButton1').textContent =","                        'hide internal test';","                    local.modeTest = true;","                    local.testRunDefault(local);","                // hide tests","                } else {","                    document.querySelector('#testReportDiv1').style.display = 'none';","                    document.querySelector('#testRunButton1').textContent = 'run internal test';","                }","                break;","            // custom-case","            default:","                break;","            }","            if (document.querySelector('#inputTextareaEval1') && (!event || (event &&","                    event.currentTarget &&","                    event.currentTarget.className &&","                    event.currentTarget.className.includes &&","                    event.currentTarget.className.includes('oneval')))) {","                // try to eval input-code","                try {","                    /*jslint evil: true*/","                    eval(document.querySelector('#inputTextareaEval1').value);","                } catch (errorCaught) {","                    console.error(errorCaught);","                }","            }","        };","        // log stderr and stdout to #outputTextareaStdout1","        ['error', 'log'].forEach(function (key) {","            console[key + '_original'] = console[key];","            console[key] = function () {","                var element;","                console[key + '_original'].apply(console, arguments);","                element = document.querySelector('#outputTextareaStdout1');","                if (!element) {","                    return;","                }","                // append text to #outputTextareaStdout1","                element.value += Array.from(arguments).map(function (arg) {","                    return typeof arg === 'string'","                        ? arg","                        : JSON.stringify(arg, null, 4);","                }).join(' ') + '\\n';","                // scroll textarea to bottom","                element.scrollTop = element.scrollHeight;","            };","        });","        // init event-handling","        ['change', 'click', 'keyup'].forEach(function (event) {","            Array.from(document.querySelectorAll('.on' + event)).forEach(function (element) {","                element.addEventListener(event, local.testRunBrowser);","            });","        });","        // run tests","        local.testRunBrowser();","        break;","","","","    // run node js-env code - post-init","    /* istanbul ignore next */","    case 'node':","        // export local","        module.exports = local;","        // require modules","        local.fs = require('fs');","        local.http = require('http');","        local.url = require('url');","        // init assets","        local.assetsDict = local.assetsDict || {};","        /* jslint-ignore-begin */","        local.assetsDict['/assets.index.template.html'] = '\\","<!doctype html>\\n\\","<html lang=\"en\">\\n\\","<head>\\n\\","<meta charset=\"UTF-8\">\\n\\","<meta name=\"viewport\" content=\"width=device-width, initial-scale=1\">\\n\\","<title>{{env.npm_package_name}} (v{{env.npm_package_version}})</title>\\n\\","<style>\\n\\","/*csslint\\n\\","    box-sizing: false,\\n\\","    universal-selector: false\\n\\","*/\\n\\","* {\\n\\","    box-sizing: border-box;\\n\\","}\\n\\","body {\\n\\","    background: #dde;\\n\\","    font-family: Arial, Helvetica, sans-serif;\\n\\","    margin: 2rem;\\n\\","}\\n\\","body > * {\\n\\","    margin-bottom: 1rem;\\n\\","}\\n\\",".utility2FooterDiv {\\n\\","    margin-top: 20px;\\n\\","    text-align: center;\\n\\","}\\n\\","</style>\\n\\","<style>\\n\\","/*csslint\\n\\","*/\\n\\","textarea {\\n\\","    font-family: monospace;\\n\\","    height: 10rem;\\n\\","    width: 100%;\\n\\","}\\n\\","textarea[readonly] {\\n\\","    background: #ddd;\\n\\","}\\n\\","</style>\\n\\","</head>\\n\\","<body>\\n\\","<!-- utility2-comment\\n\\","<div id=\"ajaxProgressDiv1\" style=\"background: #d00; height: 2px; left: 0; margin: 0; padding: 0; position: fixed; top: 0; transition: background 0.5s, width 1.5s; width: 25%;\"></div>\\n\\","utility2-comment -->\\n\\","<h1>\\n\\","<!-- utility2-comment\\n\\","    <a\\n\\","        {{#if env.npm_package_homepage}}\\n\\","        href=\"{{env.npm_package_homepage}}\"\\n\\","        {{/if env.npm_package_homepage}}\\n\\","        target=\"_blank\"\\n\\","    >\\n\\","utility2-comment -->\\n\\","        {{env.npm_package_name}} (v{{env.npm_package_version}})\\n\\","<!-- utility2-comment\\n\\","    </a>\\n\\","utility2-comment -->\\n\\","</h1>\\n\\","<h3>{{env.npm_package_description}}</h3>\\n\\","<!-- utility2-comment\\n\\","<h4><a download href=\"assets.app.js\">download standalone app</a></h4>\\n\\","<button class=\"onclick onreset\" id=\"testRunButton1\">run internal test</button><br>\\n\\","<div id=\"testReportDiv1\" style=\"display: none;\"></div>\\n\\","utility2-comment -->\\n\\","\\n\\","\\n\\","\\n\\","<label>stderr and stdout</label>\\n\\","<textarea class=\"resettable\" id=\"outputTextareaStdout1\" readonly></textarea>\\n\\","<!-- utility2-comment\\n\\","{{#if isRollup}}\\n\\","<script src=\"assets.app.js\"></script>\\n\\","{{#unless isRollup}}\\n\\","utility2-comment -->\\n\\","<script src=\"assets.utility2.rollup.js\"></script>\\n\\","<script src=\"jsonp.utility2._stateInit?callback=window.utility2._stateInit\"></script>\\n\\","<script src=\"assets.npmtest_workflow_4_node.rollup.js\"></script>\\n\\","<script src=\"assets.example.js\"></script>\\n\\","<script src=\"assets.test.js\"></script>\\n\\","<!-- utility2-comment\\n\\","{{/if isRollup}}\\n\\","utility2-comment -->\\n\\","<div class=\"utility2FooterDiv\">\\n\\","    [ this app was created with\\n\\","    <a href=\"https://github.com/kaizhu256/node-utility2\" target=\"_blank\">utility2</a>\\n\\","    ]\\n\\","</div>\\n\\","</body>\\n\\","</html>\\n\\","';","        /* jslint-ignore-end */","        if (local.templateRender) {","            local.assetsDict['/'] = local.templateRender(","                local.assetsDict['/assets.index.template.html'],","                {","                    env: local.objectSetDefault(local.env, {","                        npm_package_description: 'the greatest app in the world!',","                        npm_package_name: 'my-app',","                        npm_package_nameAlias: 'my_app',","                        npm_package_version: '0.0.1'","                    })","                }","            );","        } else {","            local.assetsDict['/'] = local.assetsDict['/assets.index.template.html']","                .replace((/\\{\\{env\\.(\\w+?)\\}\\}/g), function (match0, match1) {","                    // jslint-hack","                    String(match0);","                    switch (match1) {","                    case 'npm_package_description':","                        return 'the greatest app in the world!';","                    case 'npm_package_name':","                        return 'my-app';","                    case 'npm_package_nameAlias':","                        return 'my_app';","                    case 'npm_package_version':","                        return '0.0.1';","                    }","                });","        }","        // run the cli","        if (local.global.utility2_rollup || module !== require.main) {","            break;","        }","        local.assetsDict['/assets.example.js'] =","            local.assetsDict['/assets.example.js'] ||","            local.fs.readFileSync(__filename, 'utf8');","        local.assetsDict['/assets.npmtest_workflow_4_node.rollup.js'] =","            local.assetsDict['/assets.npmtest_workflow_4_node.rollup.js'] ||","            local.fs.readFileSync(","                // buildCustomOrg-hack","                local.npmtest_workflow_4_node.__dirname +","                    '/lib.npmtest_workflow_4_node.js',","                'utf8'","            ).replace((/^#!/), '//');","        local.assetsDict['/favicon.ico'] = local.assetsDict['/favicon.ico'] || '';","        // if $npm_config_timeout_exit exists,","        // then exit this process after $npm_config_timeout_exit ms","        if (Number(process.env.npm_config_timeout_exit)) {","            setTimeout(process.exit, Number(process.env.npm_config_timeout_exit));","        }","        // start server","        if (local.global.utility2_serverHttp1) {","            break;","        }","        process.env.PORT = process.env.PORT || '8081';","        console.error('server starting on port ' + process.env.PORT);","        local.http.createServer(function (request, response) {","            request.urlParsed = local.url.parse(request.url);","            if (local.assetsDict[request.urlParsed.pathname] !== undefined) {","                response.end(local.assetsDict[request.urlParsed.pathname]);","                return;","            }","            response.statusCode = 404;","            response.end();","        }).listen(process.env.PORT);","        break;","    }","}());",""],"l":{"26":2,"28":2,"33":2,"35":2,"37":2,"38":2,"39":2,"44":1,"51":2,"55":2,"59":2,"61":2,"69":1,"70":2,"76":2,"79":2,"82":2,"83":2,"85":1,"89":2,"92":1,"93":1,"94":1,"96":1,"97":1,"100":1,"101":1,"103":1,"106":1,"108":2,"114":1,"116":1,"118":1,"123":1,"124":2,"125":2,"126":3,"127":3,"128":3,"129":3,"130":1,"133":3,"134":3,"139":3,"143":1,"144":3,"145":1,"149":1,"150":1,"158":1,"160":1,"161":1,"162":1,"164":1,"166":1,"258":1,"259":1,"271":1,"274":6,"275":6,"277":1,"279":2,"281":1,"283":2,"288":1,"289":1,"291":1,"294":1,"302":1,"305":1,"306":1,"309":1,"310":1,"312":1,"313":1,"314":1,"315":1,"316":1,"317":1,"318":1,"320":1,"321":1,"323":1}},"/home/travis/build/npmtest/node-npmtest-workflow-4-node/node_modules/workflow-4-node/lib/index.js":{"path":"/home/travis/build/npmtest/node-npmtest-workflow-4-node/node_modules/workflow-4-node/lib/index.js","s":{"1":1,"2":1,"3":1,"4":0,"5":1,"6":1,"7":0,"8":1},"b":{"1":[1,0],"2":[0,1]},"f":{},"fnMap":{},"statementMap":{"1":{"start":{"line":1,"column":0},"end":{"line":1,"column":15}},"2":{"start":{"line":2,"column":0},"end":{"line":6,"column":1}},"3":{"start":{"line":3,"column":4},"end":{"line":3,"column":25}},"4":{"start":{"line":5,"column":4},"end":{"line":5,"column":16}},"5":{"start":{"line":8,"column":0},"end":{"line":8,"column":29}},"6":{"start":{"line":10,"column":0},"end":{"line":12,"column":1}},"7":{"start":{"line":11,"column":4},"end":{"line":11,"column":30}},"8":{"start":{"line":14,"column":0},"end":{"line":14,"column":36}}},"branchMap":{"1":{"line":8,"type":"cond-expr","locations":[{"start":{"line":8,"column":15},"end":{"line":8,"column":20}},{"start":{"line":8,"column":23},"end":{"line":8,"column":28}}]},"2":{"line":10,"type":"if","locations":[{"start":{"line":10,"column":0},"end":{"line":10,"column":0}},{"start":{"line":10,"column":0},"end":{"line":10,"column":0}}]}},"code":["var es6 = true;","try {","    eval(\"(() => {})()\");","} catch (err) {","    es6 = false;","}","","var es = es6 ? \"es6\" : \"es5\";","","if (!es6) {","    require(\"babel-polyfill\");","}","","module.exports = require(\"./\" + es);"],"l":{"1":1,"2":1,"3":1,"5":0,"8":1,"10":1,"11":0,"14":1}},"/home/travis/build/npmtest/node-npmtest-workflow-4-node/node_modules/workflow-4-node/lib/es6/index.js":{"path":"/home/travis/build/npmtest/node-npmtest-workflow-4-node/node_modules/workflow-4-node/lib/es6/index.js","s":{"1":1},"b":{},"f":{},"fnMap":{},"statementMap":{"1":{"start":{"line":1,"column":0},"end":{"line":5,"column":2}}},"branchMap":{},"code":["module.exports = {","    common: require(\"./common\"),","    activities: require(\"./activities\"),","    hosting: require(\"./hosting\")","};"],"l":{"1":1}},"/home/travis/build/npmtest/node-npmtest-workflow-4-node/node_modules/workflow-4-node/lib/es6/common/index.js":{"path":"/home/travis/build/npmtest/node-npmtest-workflow-4-node/node_modules/workflow-4-node/lib/es6/common/index.js","s":{"1":1},"b":{},"f":{},"fnMap":{},"statementMap":{"1":{"start":{"line":1,"column":0},"end":{"line":8,"column":2}}},"branchMap":{},"code":["module.exports = {","    enums: require(\"./enums\"),","    errors: require(\"./errors\"),","    asyncHelpers: require(\"./asyncHelpers\"),","    SimpleProxy: require(\"./simpleProxy\"),","    is: require(\"./is\"),","    converters: require(\"./converters\")","};"],"l":{"1":1}},"/home/travis/build/npmtest/node-npmtest-workflow-4-node/node_modules/workflow-4-node/lib/es6/common/enums.js":{"path":"/home/travis/build/npmtest/node-npmtest-workflow-4-node/node_modules/workflow-4-node/lib/es6/common/enums.js","s":{"1":1},"b":{},"f":{},"fnMap":{},"statementMap":{"1":{"start":{"line":3,"column":0},"end":{"line":22,"column":2}}},"branchMap":{},"code":["\"use strict\";","","module.exports = {","    activityStates: {","        run: \"run\",","        end: \"end\",","        complete: \"complete\",","        cancel: \"cancel\",","        idle: \"idle\",","        fail: \"fail\"","    },","    workflowEvents: {","        start: \"start\",","        invoke: \"invoke\",","        end: \"end\",","        warn: \"warn\",","        workflowEvent: \"workflowEvent\"","    },","    events: {","        workflowEvent: \"workflowEvent\"","    }","};",""],"l":{"3":1}},"/home/travis/build/npmtest/node-npmtest-workflow-4-node/node_modules/workflow-4-node/lib/es6/common/errors.js":{"path":"/home/travis/build/npmtest/node-npmtest-workflow-4-node/node_modules/workflow-4-node/lib/es6/common/errors.js","s":{"1":1,"2":1,"3":1,"4":0,"5":0,"6":0,"7":1,"8":1,"9":0,"10":1,"11":1,"12":0,"13":1,"14":1,"15":0,"16":0,"17":0,"18":1,"19":1,"20":0,"21":0,"22":0,"23":1,"24":1,"25":0,"26":0,"27":0,"28":1,"29":1,"30":0,"31":0,"32":0,"33":0,"34":0,"35":1,"36":1,"37":0,"38":0,"39":0,"40":1,"41":1,"42":0,"43":0,"44":0,"45":1,"46":1,"47":0,"48":0,"49":0,"50":1,"51":1,"52":0,"53":0,"54":0,"55":1,"56":1,"57":0,"58":0,"59":0,"60":1,"61":1,"62":0,"63":0,"64":0,"65":1,"66":1,"67":1,"68":1,"69":1,"70":1,"71":1,"72":1,"73":1,"74":1,"75":1,"76":1,"77":1,"78":1,"79":1},"b":{"1":[0,0],"2":[0,0]},"f":{"1":0,"2":0,"3":0,"4":0,"5":0,"6":0,"7":0,"8":0,"9":0,"10":0,"11":0,"12":0,"13":0},"fnMap":{"1":{"name":"ActivityStateExceptionError","line":6,"loc":{"start":{"line":6,"column":0},"end":{"line":6,"column":46}}},"2":{"name":"Cancelled","line":14,"loc":{"start":{"line":14,"column":0},"end":{"line":14,"column":21}}},"3":{"name":"Idle","line":20,"loc":{"start":{"line":20,"column":0},"end":{"line":20,"column":23}}},"4":{"name":"ActivityMarkupError","line":26,"loc":{"start":{"line":26,"column":0},"end":{"line":26,"column":38}}},"5":{"name":"ActivityRuntimeError","line":34,"loc":{"start":{"line":34,"column":0},"end":{"line":34,"column":39}}},"6":{"name":"BookmarkNotFoundError","line":42,"loc":{"start":{"line":42,"column":0},"end":{"line":42,"column":40}}},"7":{"name":"AggregateError","line":50,"loc":{"start":{"line":50,"column":0},"end":{"line":50,"column":32}}},"8":{"name":"ValidationError","line":61,"loc":{"start":{"line":61,"column":0},"end":{"line":61,"column":34}}},"9":{"name":"TimeoutError","line":69,"loc":{"start":{"line":69,"column":0},"end":{"line":69,"column":31}}},"10":{"name":"WorkflowError","line":77,"loc":{"start":{"line":77,"column":0},"end":{"line":77,"column":32}}},"11":{"name":"MethodNotFoundError","line":85,"loc":{"start":{"line":85,"column":0},"end":{"line":85,"column":38}}},"12":{"name":"MethodIsNotAccessibleError","line":93,"loc":{"start":{"line":93,"column":0},"end":{"line":93,"column":45}}},"13":{"name":"WorkflowNotFoundError","line":101,"loc":{"start":{"line":101,"column":0},"end":{"line":101,"column":40}}}},"statementMap":{"1":{"start":{"line":3,"column":0},"end":{"line":3,"column":27}},"2":{"start":{"line":4,"column":0},"end":{"line":4,"column":39}},"3":{"start":{"line":6,"column":0},"end":{"line":10,"column":1}},"4":{"start":{"line":7,"column":4},"end":{"line":7,"column":21}},"5":{"start":{"line":8,"column":4},"end":{"line":8,"column":52}},"6":{"start":{"line":9,"column":4},"end":{"line":9,"column":27}},"7":{"start":{"line":12,"column":0},"end":{"line":12,"column":50}},"8":{"start":{"line":14,"column":0},"end":{"line":16,"column":1}},"9":{"start":{"line":15,"column":4},"end":{"line":15,"column":85}},"10":{"start":{"line":18,"column":0},"end":{"line":18,"column":54}},"11":{"start":{"line":20,"column":0},"end":{"line":22,"column":1}},"12":{"start":{"line":21,"column":4},"end":{"line":21,"column":75}},"13":{"start":{"line":24,"column":0},"end":{"line":24,"column":49}},"14":{"start":{"line":26,"column":0},"end":{"line":30,"column":1}},"15":{"start":{"line":27,"column":4},"end":{"line":27,"column":21}},"16":{"start":{"line":28,"column":4},"end":{"line":28,"column":52}},"17":{"start":{"line":29,"column":4},"end":{"line":29,"column":27}},"18":{"start":{"line":32,"column":0},"end":{"line":32,"column":42}},"19":{"start":{"line":34,"column":0},"end":{"line":38,"column":1}},"20":{"start":{"line":35,"column":4},"end":{"line":35,"column":21}},"21":{"start":{"line":36,"column":4},"end":{"line":36,"column":52}},"22":{"start":{"line":37,"column":4},"end":{"line":37,"column":27}},"23":{"start":{"line":40,"column":0},"end":{"line":40,"column":43}},"24":{"start":{"line":42,"column":0},"end":{"line":46,"column":1}},"25":{"start":{"line":43,"column":4},"end":{"line":43,"column":36}},"26":{"start":{"line":44,"column":4},"end":{"line":44,"column":52}},"27":{"start":{"line":45,"column":4},"end":{"line":45,"column":27}},"28":{"start":{"line":48,"column":0},"end":{"line":48,"column":59}},"29":{"start":{"line":50,"column":0},"end":{"line":57,"column":1}},"30":{"start":{"line":51,"column":4},"end":{"line":51,"column":21}},"31":{"start":{"line":52,"column":4},"end":{"line":54,"column":5}},"32":{"start":{"line":53,"column":8},"end":{"line":53,"column":49}},"33":{"start":{"line":55,"column":4},"end":{"line":55,"column":71}},"34":{"start":{"line":56,"column":4},"end":{"line":56,"column":25}},"35":{"start":{"line":59,"column":0},"end":{"line":59,"column":52}},"36":{"start":{"line":61,"column":0},"end":{"line":65,"column":1}},"37":{"start":{"line":62,"column":4},"end":{"line":62,"column":21}},"38":{"start":{"line":63,"column":4},"end":{"line":63,"column":52}},"39":{"start":{"line":64,"column":4},"end":{"line":64,"column":27}},"40":{"start":{"line":67,"column":0},"end":{"line":67,"column":38}},"41":{"start":{"line":69,"column":0},"end":{"line":73,"column":1}},"42":{"start":{"line":70,"column":4},"end":{"line":70,"column":21}},"43":{"start":{"line":71,"column":4},"end":{"line":71,"column":52}},"44":{"start":{"line":72,"column":4},"end":{"line":72,"column":27}},"45":{"start":{"line":75,"column":0},"end":{"line":75,"column":35}},"46":{"start":{"line":77,"column":0},"end":{"line":81,"column":1}},"47":{"start":{"line":78,"column":4},"end":{"line":78,"column":21}},"48":{"start":{"line":79,"column":4},"end":{"line":79,"column":52}},"49":{"start":{"line":80,"column":4},"end":{"line":80,"column":27}},"50":{"start":{"line":83,"column":0},"end":{"line":83,"column":36}},"51":{"start":{"line":85,"column":0},"end":{"line":89,"column":1}},"52":{"start":{"line":86,"column":4},"end":{"line":86,"column":29}},"53":{"start":{"line":87,"column":4},"end":{"line":87,"column":52}},"54":{"start":{"line":88,"column":4},"end":{"line":88,"column":27}},"55":{"start":{"line":91,"column":0},"end":{"line":91,"column":50}},"56":{"start":{"line":93,"column":0},"end":{"line":97,"column":1}},"57":{"start":{"line":94,"column":4},"end":{"line":94,"column":29}},"58":{"start":{"line":95,"column":4},"end":{"line":95,"column":52}},"59":{"start":{"line":96,"column":4},"end":{"line":96,"column":27}},"60":{"start":{"line":99,"column":0},"end":{"line":99,"column":57}},"61":{"start":{"line":101,"column":0},"end":{"line":105,"column":1}},"62":{"start":{"line":102,"column":4},"end":{"line":102,"column":29}},"63":{"start":{"line":103,"column":4},"end":{"line":103,"column":52}},"64":{"start":{"line":104,"column":4},"end":{"line":104,"column":27}},"65":{"start":{"line":107,"column":0},"end":{"line":107,"column":52}},"66":{"start":{"line":109,"column":0},"end":{"line":109,"column":73}},"67":{"start":{"line":110,"column":0},"end":{"line":110,"column":68}},"68":{"start":{"line":111,"column":0},"end":{"line":111,"column":37}},"69":{"start":{"line":112,"column":0},"end":{"line":112,"column":27}},"70":{"start":{"line":113,"column":0},"end":{"line":113,"column":47}},"71":{"start":{"line":114,"column":0},"end":{"line":114,"column":57}},"72":{"start":{"line":115,"column":0},"end":{"line":115,"column":59}},"73":{"start":{"line":116,"column":0},"end":{"line":116,"column":49}},"74":{"start":{"line":117,"column":0},"end":{"line":117,"column":43}},"75":{"start":{"line":118,"column":0},"end":{"line":118,"column":45}},"76":{"start":{"line":119,"column":0},"end":{"line":119,"column":57}},"77":{"start":{"line":120,"column":0},"end":{"line":120,"column":71}},"78":{"start":{"line":121,"column":0},"end":{"line":121,"column":61}},"79":{"start":{"line":122,"column":0},"end":{"line":122,"column":61}}},"branchMap":{"1":{"line":21,"type":"binary-expr","locations":[{"start":{"line":21,"column":43},"end":{"line":21,"column":50}},{"start":{"line":21,"column":54},"end":{"line":21,"column":73}}]},"2":{"line":52,"type":"if","locations":[{"start":{"line":52,"column":4},"end":{"line":52,"column":4}},{"start":{"line":52,"column":4},"end":{"line":52,"column":4}}]}},"code":["\"use strict\";","","let util = require(\"util\");","let constants = require(\"./constants\");","","function ActivityStateExceptionError(message) {","    Error.call(this);","    Error.captureStackTrace(this, this.constructor);","    this.message = message;","}","","util.inherits(ActivityStateExceptionError, Error);","","function Cancelled() {","    ActivityStateExceptionError.call(this, \"Activity execution has been cancelled.\");","}","","util.inherits(Cancelled, ActivityStateExceptionError);","","function Idle(message) {","    ActivityStateExceptionError.call(this, message || \"Activity is idle.\");","}","","util.inherits(Idle, ActivityStateExceptionError);","","function ActivityMarkupError(message) {","    Error.call(this);","    Error.captureStackTrace(this, this.constructor);","    this.message = message;","}","","util.inherits(ActivityMarkupError, Error);","","function ActivityRuntimeError(message) {","    Error.call(this);","    Error.captureStackTrace(this, this.constructor);","    this.message = message;","}","","util.inherits(ActivityRuntimeError, Error);","","function BookmarkNotFoundError(message) {","    ActivityRuntimeError.call(this);","    Error.captureStackTrace(this, this.constructor);","    this.message = message;","}","","util.inherits(BookmarkNotFoundError, ActivityRuntimeError);","","function AggregateError(errors) {","    let message = \"\";","    if (errors.length) {","        message = \" First: \" + errors[0].message;","    }","    ActivityRuntimeError.call(this, \"Many errors occurred.\" + message);","    this.errors = errors;","}","","util.inherits(AggregateError, ActivityRuntimeError);","","function ValidationError(message) {","    Error.call(this);","    Error.captureStackTrace(this, this.constructor);","    this.message = message;","}","","util.inherits(ValidationError, Error);","","function TimeoutError(message) {","    Error.call(this);","    Error.captureStackTrace(this, this.constructor);","    this.message = message;","}","","util.inherits(TimeoutError, Error);","","function WorkflowError(message) {","    Error.call(this);","    Error.captureStackTrace(this, this.constructor);","    this.message = message;","}","","util.inherits(WorkflowError, Error);","","function MethodNotFoundError(message) {","    WorkflowError.call(this);","    Error.captureStackTrace(this, this.constructor);","    this.message = message;","}","","util.inherits(MethodNotFoundError, WorkflowError);","","function MethodIsNotAccessibleError(message) {","    WorkflowError.call(this);","    Error.captureStackTrace(this, this.constructor);","    this.message = message;","}","","util.inherits(MethodIsNotAccessibleError, WorkflowError);","","function WorkflowNotFoundError(message) {","    WorkflowError.call(this);","    Error.captureStackTrace(this, this.constructor);","    this.message = message;","}","","util.inherits(WorkflowNotFoundError, WorkflowError);","","module.exports.ActivityStateExceptionError = ActivityStateExceptionError;","module.exports.ActivityExceptionError = ActivityStateExceptionError;","module.exports.Cancelled = Cancelled;","module.exports.Idle = Idle;","module.exports.AggregateError = AggregateError;","module.exports.ActivityMarkupError = ActivityMarkupError;","module.exports.ActivityRuntimeError = ActivityRuntimeError;","module.exports.ValidationError = ValidationError;","module.exports.TimeoutError = TimeoutError;","module.exports.WorkflowError = WorkflowError;","module.exports.MethodNotFoundError = MethodNotFoundError;","module.exports.MethodIsNotAccessibleError = MethodIsNotAccessibleError;","module.exports.WorkflowNotFoundError = WorkflowNotFoundError;","module.exports.BookmarkNotFoundError = BookmarkNotFoundError;"],"l":{"3":1,"4":1,"6":1,"7":0,"8":0,"9":0,"12":1,"14":1,"15":0,"18":1,"20":1,"21":0,"24":1,"26":1,"27":0,"28":0,"29":0,"32":1,"34":1,"35":0,"36":0,"37":0,"40":1,"42":1,"43":0,"44":0,"45":0,"48":1,"50":1,"51":0,"52":0,"53":0,"55":0,"56":0,"59":1,"61":1,"62":0,"63":0,"64":0,"67":1,"69":1,"70":0,"71":0,"72":0,"75":1,"77":1,"78":0,"79":0,"80":0,"83":1,"85":1,"86":0,"87":0,"88":0,"91":1,"93":1,"94":0,"95":0,"96":0,"99":1,"101":1,"102":0,"103":0,"104":0,"107":1,"109":1,"110":1,"111":1,"112":1,"113":1,"114":1,"115":1,"116":1,"117":1,"118":1,"119":1,"120":1,"121":1,"122":1}},"/home/travis/build/npmtest/node-npmtest-workflow-4-node/node_modules/workflow-4-node/lib/es6/common/constants.js":{"path":"/home/travis/build/npmtest/node-npmtest-workflow-4-node/node_modules/workflow-4-node/lib/es6/common/constants.js","s":{"1":1,"2":1,"3":1,"4":1,"5":17,"6":17,"7":2,"8":15,"9":220,"10":17,"11":1,"12":1},"b":{"1":[2,15]},"f":{"1":17},"fnMap":{"1":{"name":"make","line":8,"loc":{"start":{"line":8,"column":0},"end":{"line":8,"column":20}}}},"statementMap":{"1":{"start":{"line":3,"column":0},"end":{"line":3,"column":26}},"2":{"start":{"line":5,"column":0},"end":{"line":5,"column":52}},"3":{"start":{"line":6,"column":0},"end":{"line":6,"column":34}},"4":{"start":{"line":8,"column":0},"end":{"line":17,"column":1}},"5":{"start":{"line":9,"column":4},"end":{"line":9,"column":48}},"6":{"start":{"line":10,"column":4},"end":{"line":15,"column":5}},"7":{"start":{"line":11,"column":8},"end":{"line":11,"column":40}},"8":{"start":{"line":13,"column":9},"end":{"line":15,"column":5}},"9":{"start":{"line":14,"column":8},"end":{"line":14,"column":21}},"10":{"start":{"line":16,"column":4},"end":{"line":16,"column":28}},"11":{"start":{"line":19,"column":0},"end":{"line":44,"column":2}},"12":{"start":{"line":46,"column":0},"end":{"line":46,"column":27}}},"branchMap":{"1":{"line":10,"type":"if","locations":[{"start":{"line":10,"column":4},"end":{"line":10,"column":4}},{"start":{"line":10,"column":4},"end":{"line":10,"column":4}}]}},"code":["\"use strict\";","","let _ = require(\"lodash\");","","const maxLen = \"collectingCompletedBookmark\".length;","const identity = \"-:\\|$WF4N$|/:-\";","","function make(name) {","    let inner = _.snakeCase(name).toUpperCase();","    if (inner.length > maxLen) {","        inner = inner.substr(0, maxLen);","    }","    else while (inner.length < maxLen) {","        inner += \"_\";","    }","    return identity + inner;","}","","let constants = {","    identity: identity,","    markers: {","        valueCollectedBookmark: make(\"mValueCollectedBookmark\"),","        collectingCompletedBookmark: make(\"mCollectingCompletedBookmark\"),","        beginMethodBookmark: make(\"mBeginMethodBookmark\"),","        activityProperty: make(\"mActivityProperty\"),","        activityInstance: make(\"mActivityInstance\"),","        keySeparator: make(\"mKeySeparator\"),","        nope: make(\"mNope\"),","        delayToMethodNamePrefix: make(\"mDelayToMethodNamePrefix\"),","        $parent: make(\"mParent\")","    },","    ids: {","        initialScope: make(\"mInitialScope\")","    },","    types: {","        error: make(\"mError\"),","        schedulingState: make(\"mSchedulingState\"),","        date: make(\"mDate\"),","        set: make(\"mSet\"),","        map: make(\"mMap\"),","        rex: make(\"mRex\"),","        object: make(\"mObject\")","    }","};","","module.exports = constants;",""],"l":{"3":1,"5":1,"6":1,"8":1,"9":17,"10":17,"11":2,"13":15,"14":220,"16":17,"19":1,"46":1}},"/home/travis/build/npmtest/node-npmtest-workflow-4-node/node_modules/workflow-4-node/lib/es6/common/asyncHelpers.js":{"path":"/home/travis/build/npmtest/node-npmtest-workflow-4-node/node_modules/workflow-4-node/lib/es6/common/asyncHelpers.js","s":{"1":1,"2":1,"3":1,"4":1,"5":0,"6":0,"7":0,"8":0,"9":0,"10":0,"11":0,"12":0,"13":0,"14":0,"15":0,"16":0,"17":0,"18":1},"b":{"1":[0,0],"2":[0,0]},"f":{"1":0,"2":0},"fnMap":{"1":{"name":"(anonymous_1)","line":9,"loc":{"start":{"line":9,"column":27},"end":{"line":9,"column":79}}},"2":{"name":"(anonymous_2)","line":10,"loc":{"start":{"line":10,"column":39},"end":{"line":10,"column":51}}}},"statementMap":{"1":{"start":{"line":1,"column":0},"end":{"line":1,"column":35}},"2":{"start":{"line":2,"column":0},"end":{"line":2,"column":25}},"3":{"start":{"line":4,"column":0},"end":{"line":4,"column":31}},"4":{"start":{"line":6,"column":0},"end":{"line":25,"column":1}},"5":{"start":{"line":10,"column":8},"end":{"line":12,"column":10}},"6":{"start":{"line":11,"column":12},"end":{"line":11,"column":47}},"7":{"start":{"line":13,"column":8},"end":{"line":13,"column":45}},"8":{"start":{"line":14,"column":8},"end":{"line":14,"column":25}},"9":{"start":{"line":15,"column":8},"end":{"line":15,"column":26}},"10":{"start":{"line":16,"column":8},"end":{"line":16,"column":39}},"11":{"start":{"line":17,"column":8},"end":{"line":22,"column":9}},"12":{"start":{"line":18,"column":12},"end":{"line":18,"column":81}},"13":{"start":{"line":18,"column":60},"end":{"line":18,"column":81}},"14":{"start":{"line":19,"column":12},"end":{"line":19,"column":43}},"15":{"start":{"line":20,"column":12},"end":{"line":20,"column":57}},"16":{"start":{"line":21,"column":12},"end":{"line":21,"column":39}},"17":{"start":{"line":23,"column":8},"end":{"line":23,"column":22}},"18":{"start":{"line":27,"column":0},"end":{"line":27,"column":30}}},"branchMap":{"1":{"line":10,"type":"binary-expr","locations":[{"start":{"line":10,"column":23},"end":{"line":10,"column":35}},{"start":{"line":10,"column":39},"end":{"line":12,"column":9}}]},"2":{"line":18,"type":"if","locations":[{"start":{"line":18,"column":12},"end":{"line":18,"column":12}},{"start":{"line":18,"column":12},"end":{"line":18,"column":12}}]}},"code":["var Bluebird = require(\"bluebird\");","var is = require(\"./is\");","","var async = Bluebird.coroutine;","","var asyncHelpers = {","    async: async,","","    aggressiveRetry: async(function* (asyncFunc, until, timeout, timeoutError) {","        timeoutError = timeoutError || function () {","            return new Error(\"Retry timeout.\");","        };","        var startTime = new Date().getTime();","        var waitTime = 0;","        var waitCount = 0;","        var result = yield asyncFunc();","        while (!until(result)) {","            if (new Date().getTime() - startTime > timeout) throw timeoutError();","            yield Bluebird.delay(waitTime);","            waitTime = Math.min(++waitCount * 250, 3000);","            result = yield asyncFunc();","        }","        return result;","    })","}","","module.exports = asyncHelpers;"],"l":{"1":1,"2":1,"4":1,"6":1,"10":0,"11":0,"13":0,"14":0,"15":0,"16":0,"17":0,"18":0,"19":0,"20":0,"21":0,"23":0,"27":1}},"/home/travis/build/npmtest/node-npmtest-workflow-4-node/node_modules/workflow-4-node/lib/es6/common/is.js":{"path":"/home/travis/build/npmtest/node-npmtest-workflow-4-node/node_modules/workflow-4-node/lib/es6/common/is.js","s":{"1":1,"2":1,"3":1,"4":0,"5":0},"b":{"1":[0,0],"2":[0,0]},"f":{"1":0,"2":0},"fnMap":{"1":{"name":"(anonymous_1)","line":8,"loc":{"start":{"line":8,"column":12},"end":{"line":8,"column":18}}},"2":{"name":"(anonymous_2)","line":11,"loc":{"start":{"line":11,"column":12},"end":{"line":11,"column":18}}}},"statementMap":{"1":{"start":{"line":3,"column":0},"end":{"line":3,"column":26}},"2":{"start":{"line":5,"column":0},"end":{"line":5,"column":34}},"3":{"start":{"line":7,"column":0},"end":{"line":14,"column":2}},"4":{"start":{"line":9,"column":8},"end":{"line":9,"column":71}},"5":{"start":{"line":12,"column":8},"end":{"line":12,"column":71}}},"branchMap":{"1":{"line":9,"type":"binary-expr","locations":[{"start":{"line":9,"column":15},"end":{"line":9,"column":18}},{"start":{"line":9,"column":22},"end":{"line":9,"column":70}}]},"2":{"line":12,"type":"binary-expr","locations":[{"start":{"line":12,"column":15},"end":{"line":12,"column":18}},{"start":{"line":12,"column":22},"end":{"line":12,"column":70}}]}},"code":["\"use strict\";","","let _ = require(\"lodash\");","","let genRegex = /^function[\\s]*\\*/;","","module.exports = {","    activity(obj) {","        return obj && obj instanceof require(\"../activities/activity\");","    },","    template(obj) {","        return obj && obj instanceof require(\"../activities/template\");","    }","};",""],"l":{"3":1,"5":1,"7":1,"9":0,"12":0}},"/home/travis/build/npmtest/node-npmtest-workflow-4-node/node_modules/workflow-4-node/lib/es6/common/simpleProxy.js":{"path":"/home/travis/build/npmtest/node-npmtest-workflow-4-node/node_modules/workflow-4-node/lib/es6/common/simpleProxy.js","s":{"1":1,"2":1,"3":1,"4":0,"5":0,"6":0,"7":0,"8":0,"9":0,"10":0,"11":1,"12":1,"13":0,"14":0,"15":0,"16":0,"17":0,"18":0,"19":0,"20":0,"21":0,"22":0,"23":0,"24":0,"25":0,"26":0,"27":0,"28":0,"29":0,"30":0,"31":0,"32":0,"33":0,"34":0,"35":0,"36":0,"37":0,"38":0,"39":0,"40":0,"41":0,"42":0,"43":0,"44":0,"45":0,"46":0,"47":0,"48":0,"49":0,"50":0,"51":0,"52":0,"53":0,"54":0,"55":0,"56":1},"b":{"1":[0,0],"2":[0,0],"3":[0,0],"4":[0,0],"5":[0,0],"6":[0,0],"7":[0,0],"8":[0,0],"9":[0,0]},"f":{"1":0,"2":0,"3":0,"4":0,"5":0,"6":0,"7":0,"8":0,"9":0,"10":0,"11":0,"12":0},"fnMap":{"1":{"name":"SimpleProxy","line":5,"loc":{"start":{"line":5,"column":0},"end":{"line":5,"column":30}}},"2":{"name":"(anonymous_2)","line":20,"loc":{"start":{"line":20,"column":13},"end":{"line":20,"column":25}}},"3":{"name":"(anonymous_3)","line":42,"loc":{"start":{"line":42,"column":15},"end":{"line":42,"column":30}}},"4":{"name":"(anonymous_4)","line":54,"loc":{"start":{"line":54,"column":37},"end":{"line":54,"column":49}}},"5":{"name":"(anonymous_5)","line":57,"loc":{"start":{"line":57,"column":37},"end":{"line":57,"column":54}}},"6":{"name":"(anonymous_6)","line":77,"loc":{"start":{"line":77,"column":37},"end":{"line":77,"column":49}}},"7":{"name":"(anonymous_7)","line":80,"loc":{"start":{"line":80,"column":37},"end":{"line":80,"column":54}}},"8":{"name":"(anonymous_8)","line":110,"loc":{"start":{"line":110,"column":37},"end":{"line":110,"column":49}}},"9":{"name":"(anonymous_9)","line":113,"loc":{"start":{"line":113,"column":37},"end":{"line":113,"column":54}}},"10":{"name":"(anonymous_10)","line":133,"loc":{"start":{"line":133,"column":41},"end":{"line":133,"column":53}}},"11":{"name":"(anonymous_11)","line":136,"loc":{"start":{"line":136,"column":41},"end":{"line":136,"column":58}}},"12":{"name":"(anonymous_12)","line":156,"loc":{"start":{"line":156,"column":15},"end":{"line":156,"column":29}}}},"statementMap":{"1":{"start":{"line":2,"column":0},"end":{"line":2,"column":26}},"2":{"start":{"line":3,"column":0},"end":{"line":3,"column":38}},"3":{"start":{"line":5,"column":0},"end":{"line":25,"column":1}},"4":{"start":{"line":6,"column":4},"end":{"line":6,"column":32}},"5":{"start":{"line":7,"column":4},"end":{"line":7,"column":20}},"6":{"start":{"line":9,"column":4},"end":{"line":12,"column":7}},"7":{"start":{"line":13,"column":4},"end":{"line":17,"column":7}},"8":{"start":{"line":18,"column":4},"end":{"line":23,"column":7}},"9":{"start":{"line":21,"column":12},"end":{"line":21,"column":41}},"10":{"start":{"line":24,"column":4},"end":{"line":24,"column":45}},"11":{"start":{"line":27,"column":0},"end":{"line":31,"column":2}},"12":{"start":{"line":33,"column":0},"end":{"line":161,"column":3}},"13":{"start":{"line":43,"column":12},"end":{"line":43,"column":28}},"14":{"start":{"line":44,"column":12},"end":{"line":150,"column":13}},"15":{"start":{"line":45,"column":16},"end":{"line":63,"column":17}},"16":{"start":{"line":46,"column":20},"end":{"line":62,"column":21}},"17":{"start":{"line":47,"column":24},"end":{"line":47,"column":55}},"18":{"start":{"line":48,"column":24},"end":{"line":61,"column":26}},"19":{"start":{"line":55,"column":36},"end":{"line":55,"column":80}},"20":{"start":{"line":58,"column":36},"end":{"line":58,"column":80}},"21":{"start":{"line":65,"column":17},"end":{"line":150,"column":13}},"22":{"start":{"line":66,"column":16},"end":{"line":66,"column":75}},"23":{"start":{"line":67,"column":16},"end":{"line":90,"column":17}},"24":{"start":{"line":68,"column":20},"end":{"line":89,"column":21}},"25":{"start":{"line":70,"column":24},"end":{"line":70,"column":69}},"26":{"start":{"line":71,"column":24},"end":{"line":84,"column":26}},"27":{"start":{"line":78,"column":36},"end":{"line":78,"column":77}},"28":{"start":{"line":81,"column":36},"end":{"line":81,"column":77}},"29":{"start":{"line":85,"column":24},"end":{"line":85,"column":52}},"30":{"start":{"line":88,"column":24},"end":{"line":88,"column":52}},"31":{"start":{"line":91,"column":16},"end":{"line":93,"column":17}},"32":{"start":{"line":92,"column":20},"end":{"line":92,"column":40}},"33":{"start":{"line":96,"column":16},"end":{"line":96,"column":65}},"34":{"start":{"line":97,"column":16},"end":{"line":97,"column":75}},"35":{"start":{"line":98,"column":16},"end":{"line":98,"column":43}},"36":{"start":{"line":100,"column":16},"end":{"line":120,"column":17}},"37":{"start":{"line":101,"column":20},"end":{"line":119,"column":21}},"38":{"start":{"line":103,"column":24},"end":{"line":103,"column":69}},"39":{"start":{"line":104,"column":24},"end":{"line":117,"column":26}},"40":{"start":{"line":111,"column":36},"end":{"line":111,"column":77}},"41":{"start":{"line":114,"column":36},"end":{"line":114,"column":77}},"42":{"start":{"line":118,"column":24},"end":{"line":118,"column":44}},"43":{"start":{"line":122,"column":16},"end":{"line":122,"column":45}},"44":{"start":{"line":123,"column":16},"end":{"line":146,"column":17}},"45":{"start":{"line":124,"column":20},"end":{"line":145,"column":21}},"46":{"start":{"line":125,"column":24},"end":{"line":125,"column":55}},"47":{"start":{"line":126,"column":24},"end":{"line":144,"column":25}},"48":{"start":{"line":127,"column":28},"end":{"line":140,"column":30}},"49":{"start":{"line":134,"column":40},"end":{"line":134,"column":84}},"50":{"start":{"line":137,"column":40},"end":{"line":137,"column":84}},"51":{"start":{"line":143,"column":28},"end":{"line":143,"column":59}},"52":{"start":{"line":147,"column":16},"end":{"line":149,"column":17}},"53":{"start":{"line":148,"column":20},"end":{"line":148,"column":40}},"54":{"start":{"line":157,"column":12},"end":{"line":157,"column":29}},"55":{"start":{"line":158,"column":12},"end":{"line":158,"column":44}},"56":{"start":{"line":163,"column":0},"end":{"line":163,"column":29}}},"branchMap":{"1":{"line":44,"type":"if","locations":[{"start":{"line":44,"column":12},"end":{"line":44,"colu
[...]
line":20,"column":4},"end":{"line":20,"column":28}},"16":{"start":{"line":21,"column":4},"end":{"line":21,"column":30}},"17":{"start":{"line":24,"column":0},"end":{"line":47,"column":2}},"18":{"start":{"line":25,"column":4},"end":{"line":25,"column":58}},"19":{"start":{"line":27,"column":4},"end":{"line":27,"column":25}},"20":{"start":{"line":28,"column":4},"end":{"line":28,"column":53}},"21":{"start":{"line":29,"column":4},"end":{"line":29,"column":48}},"22":{"start":{"line":30,"column":4},"end":{"line":30,"column":34}},"23":{"start":{"line":31,"column":4},"end":{"line":44,"column":5}},"24":{"start":{"line":32,"column":8},"end":{"line":36,"column":10}},"25":{"start":{"line":38,"column":8},"end":{"line":38,"column":51}},"26":{"start":{"line":39,"column":8},"end":{"line":39,"column":55}},"27":{"start":{"line":41,"column":8},"end":{"line":41,"column":43}},"28":{"start":{"line":43,"column":8},"end":{"line":43,"column":24}},"29":{"start":{"line":45,"column":4},"end":{"line":45,"column":33}},"30":{"start":{"line":46,"column":4},"end":{"line":46,"column":16}},"31":{"start":{"line":49,"column":0},"end":{"line":55,"column":2}},"32":{"start":{"line":50,"column":4},"end":{"line":50,"column":56}},"33":{"start":{"line":52,"column":4},"end":{"line":52,"column":42}},"34":{"start":{"line":53,"column":4},"end":{"line":53,"column":63}},"35":{"start":{"line":54,"column":4},"end":{"line":54,"column":58}},"36":{"start":{"line":57,"column":0},"end":{"line":65,"column":2}},"37":{"start":{"line":58,"column":4},"end":{"line":58,"column":34}},"38":{"start":{"line":60,"column":4},"end":{"line":60,"column":42}},"39":{"start":{"line":61,"column":4},"end":{"line":61,"column":37}},"40":{"start":{"line":62,"column":4},"end":{"line":62,"column":41}},"41":{"start":{"line":64,"column":4},"end":{"line":64,"column":38}},"42":{"start":{"line":67,"column":0},"end":{"line":74,"column":2}},"43":{"start":{"line":68,"column":4},"end":{"line":68,"column":44}},"44":{"start":{"line":69,"column":4},"end":{"line":69,"column":25}},"45":{"start":{"line":70,"column":4},"end":{"line":72,"column":5}},"46":{"start":{"line":71,"column":8},"end":{"line":71,"column":71}},"47":{"start":{"line":73,"column":4},"end":{"line":73,"column":17}},"48":{"start":{"line":76,"column":0},"end":{"line":80,"column":2}},"49":{"start":{"line":77,"column":4},"end":{"line":77,"column":57}},"50":{"start":{"line":79,"column":4},"end":{"line":79,"column":92}},"51":{"start":{"line":82,"column":0},"end":{"line":89,"column":2}},"52":{"start":{"line":83,"column":4},"end":{"line":83,"column":37}},"53":{"start":{"line":85,"column":4},"end":{"line":85,"column":27}},"54":{"start":{"line":86,"column":4},"end":{"line":86,"column":46}},"55":{"start":{"line":88,"column":4},"end":{"line":88,"column":104}},"56":{"start":{"line":91,"column":0},"end":{"line":104,"column":2}},"57":{"start":{"line":92,"column":4},"end":{"line":92,"column":74}},"58":{"start":{"line":94,"column":4},"end":{"line":94,"column":97}},"59":{"start":{"line":95,"column":4},"end":{"line":97,"column":5}},"60":{"start":{"line":96,"column":8},"end":{"line":96,"column":20}},"61":{"start":{"line":98,"column":4},"end":{"line":103,"column":6}},"62":{"start":{"line":106,"column":0},"end":{"line":113,"column":2}},"63":{"start":{"line":107,"column":4},"end":{"line":107,"column":57}},"64":{"start":{"line":109,"column":4},"end":{"line":109,"column":58}},"65":{"start":{"line":110,"column":4},"end":{"line":110,"column":27}},"66":{"start":{"line":111,"column":4},"end":{"line":111,"column":42}},"67":{"start":{"line":112,"column":4},"end":{"line":112,"column":17}},"68":{"start":{"line":115,"column":0},"end":{"line":119,"column":2}},"69":{"start":{"line":116,"column":4},"end":{"line":116,"column":59}},"70":{"start":{"line":118,"column":4},"end":{"line":118,"column":88}},"71":{"start":{"line":121,"column":0},"end":{"line":127,"column":2}},"72":{"start":{"line":122,"column":4},"end":{"line":122,"column":97}},"73":{"start":{"line":123,"column":4},"end":{"line":125,"column":5}},"74":{"start":{"line":124,"column":8},"end":{"line":124,"column":140}},"75":{"start":{"line":126,"column":4},"end":{"line":126,"column":17}},"76":{"start":{"line":129,"column":0},"end":{"line":134,"column":2}},"77":{"start":{"line":130,"column":4},"end":{"line":130,"column":70}},"78":{"start":{"line":132,"column":4},"end":{"line":132,"column":97}},"79":{"start":{"line":133,"column":4},"end":{"line":133,"column":51}},"80":{"start":{"line":136,"column":0},"end":{"line":174,"column":2}},"81":{"start":{"line":137,"column":4},"end":{"line":137,"column":43}},"82":{"start":{"line":139,"column":4},"end":{"line":139,"column":25}},"83":{"start":{"line":140,"column":4},"end":{"line":140,"column":20}},"84":{"start":{"line":141,"column":4},"end":{"line":157,"column":5}},"85":{"start":{"line":142,"column":8},"end":{"line":156,"column":9}},"86":{"start":{"line":143,"column":12},"end":{"line":155,"column":13}},"87":{"start":{"line":144,"column":16},"end":{"line":154,"column":17}},"88":{"start":{"line":145,"column":20},"end":{"line":153,"column":23}},"89":{"start":{"line":158,"column":4},"end":{"line":172,"column":7}},"90":{"start":{"line":159,"column":8},"end":{"line":170,"column":9}},"91":{"start":{"line":160,"column":12},"end":{"line":160,"column":22}},"92":{"start":{"line":162,"column":13},"end":{"line":170,"column":9}},"93":{"start":{"line":163,"column":12},"end":{"line":163,"column":21}},"94":{"start":{"line":165,"column":13},"end":{"line":170,"column":9}},"95":{"start":{"line":166,"column":12},"end":{"line":166,"column":22}},"96":{"start":{"line":168,"column":13},"end":{"line":170,"column":9}},"97":{"start":{"line":169,"column":12},"end":{"line":169,"column":21}},"98":{"start":{"line":171,"column":8},"end":{"line":171,"column":17}},"99":{"start":{"line":173,"column":4},"end":{"line":173,"column":33}},"100":{"start":{"line":176,"column":0},"end":{"line":188,"column":2}},"101":{"start":{"line":177,"column":4},"end":{"line":177,"column":20}},"102":{"start":{"line":178,"column":4},"end":{"line":186,"column":5}},"103":{"start":{"line":179,"column":8},"end":{"line":185,"column":9}},"104":{"start":{"line":180,"column":12},"end":{"line":184,"column":15}},"105":{"start":{"line":187,"column":4},"end":{"line":187,"column":18}},"106":{"start":{"line":190,"column":0},"end":{"line":190,"column":35}}},"branchMap":{"1":{"line":31,"type":"if","locations":[{"start":{"line":31,"column":4},"end":{"line":31,"column":4}},{"start":{"line":31,"column":4},"end":{"line":31,"column":4}}]},"2":{"line":31,"type":"binary-expr","locations":[{"start":{"line":31,"column":8},"end":{"line":31,"column":14}},{"start":{"line":31,"column":18},"end":{"line":31,"column":56}}]},"3":{"line":70,"type":"if","locations":[{"start":{"line":70,"column":4},"end":{"line":70,"column":4}},{"start":{"line":70,"column":4},"end":{"line":70,"column":4}}]},"4":{"line":70,"type":"binary-expr","locations":[{"start":{"line":70,"column":8},"end":{"line":70,"column":14}},{"start":{"line":70,"column":18},"end":{"line":70,"column":49}}]},"5":{"line":95,"type":"if","locations":[{"start":{"line":95,"column":4},"end":{"line":95,"column":4}},{"start":{"line":95,"column":4},"end":{"line":95,"column":4}}]},"6":{"line":123,"type":"if","locations":[{"start":{"line":123,"column":4},"end":{"line":123,"column":4}},{"start":{"line":123,"column":4},"end":{"line":123,"column":4}}]},"7":{"line":133,"type":"cond-expr","locations":[{"start":{"line":133,"column":19},"end":{"line":133,"column":43}},{"start":{"line":133,"column":46},"end":{"line":133,"column":50}}]},"8":{"line":142,"type":"if","locations":[{"start":{"line":142,"column":8},"end":{"line":142,"column":8}},{"start":{"line":142,"column":8},"end":{"line":142,"column":8}}]},"9":{"line":144,"type":"if","locations":[{"start":{"line":144,"column":16},"end":{"line":144,"column":16}},{"start":{"line":144,"column":16},"end":{"line":144,"column":16}}]},"10":{"line":159,"type":"if","locations":[{"start":{"line":159,"column":8},"end":{"line":159,"column":8}},{"start":{"line":159,"column":8},"end":{"line":159,"column":8}}]},"11":{"line":162,"type":"if","locations":[{"start":{"line":162,"column":13},"end":{"line":162,"column":13}},{"start":{"line":162,"column":13},"end":{"line":162,"column":13}}]},"12":{"line":165,"type":"if","locations":[{"start":{"line":165,"column":13},"end":{"line":165,"column":13}},{"start":{"line":165,"column":13},"end":{"line":165,"column":13}}]},"13":{"line":168,"type":"if","locations":[{"start":{"line":168,"column":13},"end":{"line":168,"column":13}},{"start":{"line":168,"column":13},"end":{"line":168,"column":13}}]},"14":{"line":179,"type":"if","locations":[{"start":{"line":179,"column":8},"end":{"line":179,"column":8}},{"start":{"line":179,"column":8},"end":{"line":179,"column":8}}]},"15":{"line":179,"type":"binary-expr","locations":[{"start":{"line":179,"column":12},"end":{"line":179,"column":46}},{"start":{"line":179,"column":50},"end":{"line":179,"column":74}}]}},"code":["\"use strict\";","","let uuid = require('node-uuid');","require('date-utils');","let specStrings = require(\"../common/specStrings\");","let InstIdPaths = require(\"./instIdPaths\");","let is = require(\"../common/is\");","let _ = require(\"lodash\");","let debug = require(\"debug\")(\"wf4node:MemoryPersistence\");","let errors = require(\"../common/errors\");","","function MemoryPersistence() {","    this._instanceData = new Map();","    this._locksById = new Map();","    this._locksByName = new Map();","}","","MemoryPersistence.prototype.clear = function () {","    this._instanceData.clear();","    this._locksById.clear();","    this._locksByName.clear();","};","","MemoryPersistence.prototype.enterLock = function (lockName, inLockTimeoutMs) {","    debug(\"enterLock(%s, %d)\", lockName, inLockTimeoutMs);","","    let now = new Date();","    debug(\"Searching for lock by name %s\", lockName);","    let cLock = this._locksByName.get(lockName);","    debug(\"Lock info: %j\", cLock);","    if (!cLock || cLock.heldTo.getTime() < now.getTime()) {","        let lockInfo = {","            id: uuid.v4(),","            name: lockName,","            heldTo: now.addMilliseconds(inLockTimeoutMs)","        };","","        this._locksById.set(lockInfo.id, lockInfo);","        this._locksByName.set(lockInfo.name, lockInfo);","","        debug(\"LOCKED: %s\", lockInfo.name);","","        return lockInfo;","    }","    debug(\"It is already held.\");","    return null;","};","","MemoryPersistence.prototype.renewLock = function (lockId, inLockTimeoutMs) {","    debug(\"renewLock(%s, %d)\", lockId, inLockTimeoutMs);","","    let cLock = this._getLockById(lockId);","    cLock.heldTo = new Date().addMilliseconds(inLockTimeoutMs);","    debug(\"Lock %s extended to %s\", lockId, cLock.heldTo);","};","","MemoryPersistence.prototype.exitLock = function (lockId) {","    debug(\"exitLock(%s)\", lockId);","","    let cLock = this._getLockById(lockId);","    this._locksById.delete(cLock.id);","    this._locksByName.delete(cLock.name);","","    debug(\"UNLOCKED: %s\", cLock.name);","};","","MemoryPersistence.prototype._getLockById = function (lockId) {","    let cLock = this._locksById.get(lockId);","    let now = new Date();","    if (!cLock || now.compareTo(cLock.heldTo) > 0) {","        throw new Error(\"Lock by id '\" + lockId + \"' doesn't exists.\");","    }","    return cLock;","};","","MemoryPersistence.prototype.isRunning = function (workflowName, instanceId) {","    debug(\"isRunning(%s, %s)\", workflowName, instanceId);","","    return this._instanceData.has(specStrings.hosting.doubleKeys(workflowName, instanceId));","};","","MemoryPersistence.prototype.persistState = function (state) {","    debug(\"persistState(%j)\", state);","","    state = _.clone(state);","    state.state = JSON.stringify(state.state);","","    this._instanceData.set(specStrings.hosting.doubleKeys(state.workflowName, state.instanceId), state);","};","","MemoryPersistence.prototype.getRunningInstanceIdHeader = function (workflowName, instanceId) {","    debug(\"getRunningInstanceIdHeader(%s, %s)\", workflowName, instanceId);","","    let state = this._instanceData.get(specStrings.hosting.doubleKeys(workflowName, instanceId));","    if (!state) {","        return null;","    }","    return {","        updatedOn: state.updatedOn,","        workflowName: state.workflowName,","        workflowVersion: state.workflowVersion,","        instanceId: state.instanceId","    };","};","","MemoryPersistence.prototype.loadState = function (workflowName, instanceId) {","    debug(\"loadState(%s, %s)\", workflowName, instanceId);","","    let state = this._loadState(workflowName, instanceId);","    state = _.clone(state);","    state.state = JSON.parse(state.state);","    return state;","};","","MemoryPersistence.prototype.removeState = function (workflowName, instanceId) {","    debug(\"removeState(%s, %s)\", workflowName, instanceId);","","    this._instanceData.delete(specStrings.hosting.doubleKeys(workflowName, instanceId));","};","","MemoryPersistence.prototype._loadState = function (workflowName, instanceId) {","    let state = this._instanceData.get(specStrings.hosting.doubleKeys(workflowName, instanceId));","    if (!state) {","        throw new errors.WorkflowNotFoundError(\"Instance data of workflow '\" + workflowName + \"' by id '\" + instanceId + \"' is not found.\");","    }","    return state;","};","","MemoryPersistence.prototype.loadPromotedProperties = function (workflowName, instanceId) {","    debug(\"loadPromotedProperties(%s, %s)\", workflowName, instanceId);","","    let state = this._instanceData.get(specStrings.hosting.doubleKeys(workflowName, instanceId));","    return state ? state.promotedProperties : null;","};","","MemoryPersistence.prototype.getNextWakeupables = function (count) {","    debug(\"getNextWakeupables(%d)\", count);","","    let now = new Date();","    let result = [];","    for (let data of this._instanceData.values()) {","        if (data.activeDelays) {","            for (let ad of data.activeDelays) {","                if (ad.delayTo <= now) {","                    result.push({","                        instanceId: data.instanceId,","                        workflowName: data.workflowName,","                        updatedOn: data.updatedOn,","                        activeDelay: {","                            methodName: ad.methodName,","                            delayTo: ad.delayTo","                        }","                    });","                }","            }","        }","    }","    result.sort(function (i1, i2) {","        if (i1.updatedOn < i2.updatedOn) {","            return -1;","        }","        else if (i1.updatedOn > i2.updatedOn) {","            return 1;","        }","        else if (i1.activeDelay.delayTo < i2.activeDelay.delayTo) {","            return -1;","        }","        else if (i1.activeDelay.delayTo > i2.activeDelay.delayTo) {","            return 1;","        }","        return 0;","    });","    return _.take(result, count);","};","","MemoryPersistence.prototype.getRunningInstanceHeadersForOtherVersion = function (workflowName, version) {","    let result = [];","    for (let data of this._instanceData.values()) {","        if (data.workflowName === workflowName && data.version !== version) {","            result.push({","                workflowName: data.workflowName,","                workflowVersion: data.workflowVersion,","                instanceId: data.instanceId","            });","        }","    }","    return result;","};","","module.exports = MemoryPersistence;"],"l":{"3":1,"4":1,"5":1,"6":1,"7":1,"8":1,"9":1,"10":1,"12":1,"13":0,"14":0,"15":0,"18":1,"19":0,"20":0,"21":0,"24":1,"25":0,"27":0,"28":0,"29":0,"30":0,"31":0,"32":0,"38":0,"39":0,"41":0,"43":0,"45":0,"46":0,"49":1,"50":0,"52":0,"53":0,"54":0,"57":1,"58":0,"60":0,"61":0,"62":0,"64":0,"67":1,"68":0,"69":0,"70":0,"71":0,"73":0,"76":1,"77":0,"79":0,"82":1,"83":0,"85":0,"86":0,"88":0,"91":1,"92":0,"94":0,"95":0,"96":0,"98":0,"106":1,"107":0,"109":0,"110":0,"111":0,"112":0,"115":1,"116":0,"118":0,"121":1,"122":0,"123":0,"124":0,"126":0,"129":1,"130":0,"132":0,"133":0,"136":1,"137":0,"139":0,"140":0,"141":0,"142":0,"143":0,"144":0,"145":0,"158":0,"159":0,"160":0,"162":0,"163":0,"165":0,"166":0,"168":0,"169":0,"171":0,"173":0,"176":1,"177":0,"178":0,"179":0,"180":0,"187":0,"190":1}},"/home/travis/build/npmtest/node-npmtest-workflow-4-node/node_modules/workflow-4-node/gulpfile.js":{"path":"/home/travis/build/npmtest/node-npmtest-workflow-4-node/node_modules/workflow-4-node/gulpfile.js","s":{"1":2,"2":0,"3":0,"4":0,"5":0,"6":0,"7":0,"8":0,"9":0,"10":0,"11":0,"12":0,"13":0,"14":0,"15":0,"16":0,"17":0},"b":{"1":[0,0]},"f":{"1":0,"2":0,"3":0,"4":0},"fnMap":{"1":{"name":"(anonymous_1)","line":8,"loc":{"start":{"line":8,"column":26},"end":{"line":8,"column":38}}},"2":{"name":"(anonymous_2)","line":18,"loc":{"start":{"line":18,"column":25},"end":{"line":18,"column":37}}},"3":{"name":"(anonymous_3)","line":32,"loc":{"start":{"line":32,"column":25},"end":{"line":32,"column":41}}},"4":{"name":"(anonymous_4)","line":33,"loc":{"start":{"line":33,"column":36},"end":{"line":33,"column":48}}}},"statementMap":{"1":{"start":{"line":2,"column":0},"end":{"line":2,"column":27}},"2":{"start":{"line":3,"column":0},"end":{"line":3,"column":34}},"3":{"start":{"line":4,"column":0},"end":{"line":4,"column":44}},"4":{"start":{"line":5,"column":0},"end":{"line":5,"column":41}},"5":{"start":{"line":6,"column":0},"end":{"line":6,"column":44}},"6":{"start":{"line":8,"column":0},"end":{"line":16,"column":3}},"7":{"start":{"line":9,"column":4},"end":{"line":15,"column":38}},"8":{"start":{"line":18,"column":0},"end":{"line":26,"column":3}},"9":{"start":{"line":19,"column":4},"end":{"line":25,"column":36}},"10":{"start":{"line":28,"column":0},"end":{"line":28,"column":68}},"11":{"start":{"line":30,"column":0},"end":{"line":30,"column":46}},"12":{"start":{"line":32,"column":0},"end":{"line":41,"column":3}},"13":{"start":{"line":33,"column":4},"end":{"line":40,"column":7}},"14":{"start":{"line":34,"column":8},"end":{"line":39,"column":9}},"15":{"start":{"line":35,"column":12},"end":{"line":35,"column":80}},"16":{"start":{"line":38,"column":12},"end":{"line":38,"column":19}},"17":{"start":{"line":43,"column":0},"end":{"line":43,"column":61}}},"branchMap":{"1":{"line":34,"type":"if","locations":[{"start":{"line":34,"column":8},"end":{"line":34,"column":8}},{"start":{"line":34,"column":8},"end":{"line":34,"column":8}}]}},"code":["\"use strict\";","let gulp = require(\"gulp\");","let babel = require(\"gulp-babel\");","let gulpSequence = require(\"gulp-sequence\");","let exec = require(\"child_process\").exec;","let sourcemaps = require(\"gulp-sourcemaps\");","","gulp.task(\"compile-test\", function () {","    return gulp.src(\"tests/es6/**/*.js\", {base: \"tests/es6\"})","        .pipe(sourcemaps.init())","        .pipe(babel({","            presets: [\"es2015\"]","        }))","        .pipe(sourcemaps.write(\".\"))","        .pipe(gulp.dest(\"tests/es5\"));","});","","gulp.task(\"compile-lib\", function () {","    return gulp.src(\"lib/es6/**/*.js\", {base: \"lib/es6\"})","        .pipe(sourcemaps.init())","        .pipe(babel({","            presets: [\"es2015\"]","        }))","        .pipe(sourcemaps.write(\".\"))","        .pipe(gulp.dest(\"lib/es5\"));","});","","gulp.task(\"compile\", gulpSequence([\"compile-test\", \"compile-lib\"]));","","gulp.task(\"default\", gulpSequence(\"compile\"));","","gulp.task(\"npm-publish\", function (done) {","    exec(\"npm publish\").on(\"close\", function(e) {","        if (e) {","            done(new Error(\"Cannot publish to the npm. Exit code: \" + e + \".\"));","        }","        else {","            done();","        }","    });","});","","gulp.task(\"publish\", gulpSequence(\"compile\", \"npm-publish\")); "],"l":{"2":2,"3":0,"4":0,"5":0,"6":0,"8":0,"9":0,"18":0,"19":0,"28":0,"30":0,"32":0,"33":0,"34":0,"35":0,"38":0,"43":0}}}